TN:
SF:/Users/zhouxian/Desktop/web-app-zx/src/api/config.js
FN:11,_interopRequireDefault
FNF:1
FNH:1
FNDA:1,_interopRequireDefault
DA:0,1
DA:1,1
DA:3,1
DA:4,1
LF:4
LH:4
BRDA:11,1,0,0
BRDA:11,1,1,1
BRDA:11,2,0,1
BRDA:11,2,1,1
BRDA:15,3,0,0
BRDA:15,3,1,1
BRF:6
BRH:5
end_of_record
TN:
SF:/Users/zhouxian/Desktop/web-app-zx/src/api/products/categories/index.js
FN:33,_interopRequireDefault
FN:35,(anonymous_2)
FN:36,Categories
FN:46,(anonymous_4)
FN:47,_callee
FN:48,_callee$
FN:66,get
FN:74,(anonymous_8)
FN:75,_callee2
FN:76,_callee2$
FN:94,create
FNF:11
FNH:11
FNDA:6,_interopRequireDefault
FNDA:1,(anonymous_2)
FNDA:1,Categories
FNDA:1,(anonymous_4)
FNDA:0,_callee
FNDA:0,_callee$
FNDA:0,get
FNDA:1,(anonymous_8)
FNDA:0,_callee2
FNDA:0,_callee2$
FNDA:0,create
DA:0,6
DA:1,1
DA:2,1
DA:4,1
DA:7,1
DA:8,1
DA:9,1
LF:7
LH:7
BRDA:33,1,0,6
BRDA:33,1,1,0
BRDA:33,2,0,6
BRDA:33,2,1,6
BRDA:50,3,0,0
BRDA:50,3,1,0
BRDA:50,3,2,0
BRDA:50,3,3,0
BRDA:78,4,0,0
BRDA:78,4,1,0
BRDA:78,4,2,0
BRDA:78,4,3,0
BRF:12
BRH:12
end_of_record
TN:
SF:/Users/zhouxian/Desktop/web-app-zx/src/api/fetch.js
FN:31,(anonymous_1)
FN:32,_callee2
FN:35,_callee2$
FN:217,(anonymous_4)
FN:222,(anonymous_5)
FN:223,(anonymous_6)
FN:232,(anonymous_7)
FN:243,(anonymous_8)
FN:258,_fetch
FN:280,_interopRequireDefault
FN:289,(anonymous_11)
FN:290,_callee
FN:291,_callee$
FN:323,(anonymous_14)
FN:342,decoratedFetch
FN:349,checkResponseContentType
FN:354,checkRequestContentType
FNF:17
FNH:5
FNDA:1,(anonymous_1)
FNDA:0,_callee2
FNDA:0,_callee2$
FNDA:0,(anonymous_4)
FNDA:0,(anonymous_5)
FNDA:0,(anonymous_6)
FNDA:0,(anonymous_7)
FNDA:0,(anonymous_8)
FNDA:0,_fetch
FNDA:9,_interopRequireDefault
FNDA:1,(anonymous_11)
FNDA:0,_callee
FNDA:0,_callee$
FNDA:0,(anonymous_14)
FNDA:0,decoratedFetch
FNDA:0,checkResponseContentType
FNDA:0,checkRequestContentType
DA:0,9
DA:1,1
DA:2,1
DA:4,1
DA:5,0
DA:6,0
DA:9,1
DA:11,1
DA:13,1
DA:15,0
DA:16,0
DA:31,0
DA:38,0
DA:39,0
DA:43,0
DA:45,0
DA:47,0
DA:51,0
DA:52,0
DA:56,0
DA:57,0
DA:58,0
DA:61,0
DA:62,0
DA:63,0
DA:64,0
DA:65,0
DA:69,0
DA:71,0
DA:72,0
DA:73,0
DA:77,0
DA:78,0
DA:79,0
DA:82,0
DA:83,0
DA:86,0
DA:87,0
DA:88,0
DA:90,0
DA:91,0
DA:92,0
DA:101,0
DA:103,0
DA:104,0
DA:106,0
DA:107,0
DA:109,0
DA:112,0
DA:117,1
DA:118,0
DA:119,0
DA:122,1
DA:123,0
DA:124,0
LF:55
LH:9
BRDA:37,1,0,0
BRDA:37,1,1,0
BRDA:37,1,2,0
BRDA:37,1,3,0
BRDA:37,1,4,0
BRDA:37,1,5,0
BRDA:37,1,6,0
BRDA:37,1,7,0
BRDA:37,1,8,0
BRDA:37,1,9,0
BRDA:37,1,10,0
BRDA:37,1,11,0
BRDA:37,1,12,0
BRDA:37,1,13,0
BRDA:37,1,14,0
BRDA:37,1,15,0
BRDA:37,1,16,0
BRDA:37,1,17,0
BRDA:37,1,18,0
BRDA:37,1,19,0
BRDA:37,1,20,0
BRDA:37,1,21,0
BRDA:44,2,0,0
BRDA:44,2,1,0
BRDA:51,3,0,0
BRDA:51,3,1,0
BRDA:79,4,0,0
BRDA:79,4,1,0
BRDA:79,5,0,0
BRDA:79,5,1,0
BRDA:86,6,0,0
BRDA:86,6,1,0
BRDA:101,7,0,0
BRDA:101,7,1,0
BRDA:101,8,0,0
BRDA:101,8,1,0
BRDA:101,8,2,0
BRDA:103,9,0,0
BRDA:103,9,1,0
BRDA:106,10,0,0
BRDA:106,10,1,0
BRDA:107,11,0,0
BRDA:107,11,1,0
BRDA:109,12,0,0
BRDA:109,12,1,0
BRDA:116,13,0,0
BRDA:116,13,1,0
BRDA:129,14,0,0
BRDA:129,14,1,0
BRDA:144,15,0,0
BRDA:144,15,1,0
BRDA:144,16,0,0
BRDA:144,16,1,0
BRDA:151,17,0,0
BRDA:151,17,1,0
BRDA:165,18,0,0
BRDA:165,18,1,0
BRDA:178,19,0,0
BRDA:178,19,1,0
BRDA:193,20,0,0
BRDA:193,20,1,0
BRDA:193,21,0,0
BRDA:193,21,1,0
BRDA:200,22,0,0
BRDA:200,22,1,0
BRDA:214,23,0,0
BRDA:214,23,1,0
BRDA:217,24,0,0
BRDA:217,24,1,0
BRDA:218,25,0,0
BRDA:218,25,1,0
BRDA:218,26,0,0
BRDA:218,26,1,0
BRDA:219,27,0,0
BRDA:219,27,1,0
BRDA:220,28,0,0
BRDA:220,28,1,0
BRDA:235,29,0,0
BRDA:235,29,1,0
BRDA:235,30,0,0
BRDA:235,30,1,0
BRDA:238,31,0,0
BRDA:238,31,1,0
BRDA:280,32,0,8
BRDA:280,32,1,1
BRDA:280,33,0,9
BRDA:280,33,1,9
BRDA:282,34,0,0
BRDA:282,34,1,1
BRDA:282,35,0,1
BRDA:282,35,1,1
BRDA:293,36,0,0
BRDA:293,36,1,0
BRDA:293,36,2,0
BRDA:293,36,3,0
BRDA:293,36,4,0
BRDA:293,36,5,0
BRDA:293,36,6,0
BRDA:306,37,0,0
BRDA:306,37,1,0
BRDA:318,38,0,0
BRDA:318,38,1,0
BRDA:350,39,0,0
BRDA:350,39,1,0
BRDA:355,40,0,0
BRDA:355,40,1,0
BRF:106
BRH:7
end_of_record
TN:
SF:/Users/zhouxian/Desktop/web-app-zx/src/api/apiFactory.js
FN:12,_interopRequireDefault
FN:16,apiFactory
FNF:2
FNH:2
FNDA:1,_interopRequireDefault
FNDA:29,apiFactory
DA:0,1
DA:1,1
DA:3,1
DA:5,1
DA:6,29
DA:7,1
DA:9,29
LF:7
LH:7
BRDA:12,1,0,1
BRDA:12,1,1,0
BRDA:12,2,0,1
BRDA:12,2,1,1
BRDA:17,3,0,1
BRDA:17,3,1,28
BRF:6
BRH:6
end_of_record
TN:
SF:/Users/zhouxian/Desktop/web-app-zx/src/api/api.js
FN:55,_interopRequireDefault
FN:57,(anonymous_2)
FN:58,Api
FN:90,redirectLoginCallback
FN:93,(anonymous_5)
FN:94,_callee
FN:97,_callee$
FN:115,(anonymous_8)
FN:136,getApiKey
FNF:9
FNH:8
FNDA:12,_interopRequireDefault
FNDA:1,(anonymous_2)
FNDA:1,Api
FNDA:0,redirectLoginCallback
FNDA:1,(anonymous_5)
FNDA:0,_callee
FNDA:0,_callee$
FNDA:0,(anonymous_8)
FNDA:0,getApiKey
DA:0,12
DA:1,1
DA:3,1
DA:4,1
DA:5,1
DA:6,1
DA:7,1
DA:8,1
DA:9,1
DA:12,1
DA:13,1
DA:14,1
DA:15,1
DA:16,1
DA:17,1
DA:19,1
DA:20,1
DA:21,1
DA:22,1
DA:23,1
DA:24,1
DA:25,1
DA:47,0
DA:48,0
DA:49,0
DA:50,0
DA:51,0
DA:52,0
LF:28
LH:22
BRDA:55,1,0,12
BRDA:55,1,1,0
BRDA:55,2,0,12
BRDA:55,2,1,12
BRDA:99,3,0,0
BRDA:99,3,1,0
BRDA:99,3,2,0
BRDA:99,3,3,0
BRDA:99,3,4,0
BRDA:99,3,5,0
BRDA:101,4,0,0
BRDA:101,4,1,0
BRF:12
BRH:12
end_of_record
TN:
SF:/Users/zhouxian/Desktop/web-app-zx/src/api/basic/index.js
FN:25,_interopRequireDefault
FN:27,(anonymous_2)
FN:28,Basic
FN:41,dummy
FNF:4
FNH:4
FNDA:4,_interopRequireDefault
FNDA:1,(anonymous_2)
FNDA:1,Basic
FNDA:0,dummy
DA:0,4
DA:1,1
DA:3,1
DA:4,1
DA:7,1
DA:8,1
DA:9,1
DA:10,1
LF:8
LH:8
BRDA:25,1,0,4
BRDA:25,1,1,0
BRDA:25,2,0,4
BRDA:25,2,1,4
BRF:4
BRH:4
end_of_record
TN:
SF:/Users/zhouxian/Desktop/web-app-zx/src/api/basic/geos/index.js
FN:21,_interopRequireDefault
FN:23,Geos
FNF:2
FNH:2
FNDA:3,_interopRequireDefault
FNDA:1,Geos
DA:0,3
DA:1,1
DA:2,1
DA:4,1
DA:7,1
DA:8,1
DA:9,1
LF:7
LH:7
BRDA:21,1,0,3
BRDA:21,1,1,0
BRDA:21,2,0,3
BRDA:21,2,1,3
BRF:4
BRH:4
end_of_record
TN:
SF:/Users/zhouxian/Desktop/web-app-zx/src/api/basic/geos/one/index.js
FN:21,_interopRequireDefault
FN:23,(anonymous_2)
FN:24,Geo
FN:35,dummy
FNF:4
FNH:4
FNDA:3,_interopRequireDefault
FNDA:1,(anonymous_2)
FNDA:1,Geo
FNDA:0,dummy
DA:0,3
DA:1,1
DA:3,1
DA:6,1
DA:7,1
DA:8,1
LF:6
LH:6
BRDA:21,1,0,3
BRDA:21,1,1,0
BRDA:21,2,0,3
BRDA:21,2,1,3
BRF:4
BRH:4
end_of_record
TN:
SF:/Users/zhouxian/Desktop/web-app-zx/src/api/basic/geos/one/childGeos/index.js
FN:29,_interopRequireDefault
FN:31,(anonymous_2)
FN:32,ChildGeos
FN:41,(anonymous_4)
FN:42,_callee
FN:43,_callee$
FN:61,get
FNF:7
FNH:7
FNDA:5,_interopRequireDefault
FNDA:1,(anonymous_2)
FNDA:1,ChildGeos
FNDA:1,(anonymous_4)
FNDA:0,_callee
FNDA:0,_callee$
FNDA:0,get
DA:0,5
DA:1,1
DA:2,1
DA:5,1
DA:6,1
LF:5
LH:5
BRDA:29,1,0,5
BRDA:29,1,1,0
BRDA:29,2,0,5
BRDA:29,2,1,5
BRDA:45,3,0,0
BRDA:45,3,1,0
BRDA:45,3,2,0
BRDA:45,3,3,0
BRF:8
BRH:8
end_of_record
TN:
SF:/Users/zhouxian/Desktop/web-app-zx/src/api/basic/statusFlows/index.js
FN:21,_interopRequireDefault
FN:23,(anonymous_2)
FN:24,StatusFlows
FN:35,dummy
FNF:4
FNH:4
FNDA:3,_interopRequireDefault
FNDA:1,(anonymous_2)
FNDA:1,StatusFlows
FNDA:0,dummy
DA:0,3
DA:1,1
DA:3,1
DA:6,1
DA:7,1
DA:8,1
LF:6
LH:6
BRDA:21,1,0,3
BRDA:21,1,1,0
BRDA:21,2,0,3
BRDA:21,2,1,3
BRF:4
BRH:4
end_of_record
TN:
SF:/Users/zhouxian/Desktop/web-app-zx/src/api/basic/statusFlows/one/index.js
FN:33,_interopRequireDefault
FN:35,(anonymous_2)
FN:36,StatusFlow
FN:47,(anonymous_4)
FN:48,_callee
FN:49,_callee$
FN:67,get
FNF:7
FNH:7
FNDA:6,_interopRequireDefault
FNDA:1,(anonymous_2)
FNDA:1,StatusFlow
FNDA:1,(anonymous_4)
FNDA:0,_callee
FNDA:0,_callee$
FNDA:0,get
DA:0,6
DA:1,1
DA:2,1
DA:4,1
DA:7,1
DA:8,1
DA:9,1
LF:7
LH:7
BRDA:33,1,0,6
BRDA:33,1,1,0
BRDA:33,2,0,6
BRDA:33,2,1,6
BRDA:51,3,0,0
BRDA:51,3,1,0
BRDA:51,3,2,0
BRDA:51,3,3,0
BRF:8
BRH:8
end_of_record
TN:
SF:/Users/zhouxian/Desktop/web-app-zx/src/api/basic/statusFlows/one/statuses/index.js
FN:21,_interopRequireDefault
FN:23,(anonymous_2)
FN:24,Statuses
FN:35,dummy
FNF:4
FNH:4
FNDA:3,_interopRequireDefault
FNDA:1,(anonymous_2)
FNDA:1,Statuses
FNDA:0,dummy
DA:0,3
DA:1,1
DA:3,1
DA:6,1
DA:7,1
DA:8,1
LF:6
LH:6
BRDA:21,1,0,3
BRDA:21,1,1,0
BRDA:21,2,0,3
BRDA:21,2,1,3
BRF:4
BRH:4
end_of_record
TN:
SF:/Users/zhouxian/Desktop/web-app-zx/src/api/basic/statusFlows/one/statuses/one/index.js
FN:21,_interopRequireDefault
FN:23,(anonymous_2)
FN:24,Status
FN:35,dummy
FNF:4
FNH:4
FNDA:3,_interopRequireDefault
FNDA:1,(anonymous_2)
FNDA:1,Status
FNDA:0,dummy
DA:0,3
DA:1,1
DA:3,1
DA:6,1
DA:7,1
DA:8,1
LF:6
LH:6
BRDA:21,1,0,3
BRDA:21,1,1,0
BRDA:21,2,0,3
BRDA:21,2,1,3
BRF:4
BRH:4
end_of_record
TN:
SF:/Users/zhouxian/Desktop/web-app-zx/src/api/basic/statusFlows/one/statuses/one/nextStatusTransitions/index.js
FN:29,_interopRequireDefault
FN:31,(anonymous_2)
FN:32,NextStatusTransitions
FN:41,(anonymous_4)
FN:42,_callee
FN:43,_callee$
FN:61,get
FNF:7
FNH:7
FNDA:5,_interopRequireDefault
FNDA:1,(anonymous_2)
FNDA:1,NextStatusTransitions
FNDA:1,(anonymous_4)
FNDA:0,_callee
FNDA:0,_callee$
FNDA:0,get
DA:0,5
DA:1,1
DA:2,1
DA:5,1
DA:6,1
LF:5
LH:5
BRDA:29,1,0,5
BRDA:29,1,1,0
BRDA:29,2,0,5
BRDA:29,2,1,5
BRDA:45,3,0,0
BRDA:45,3,1,0
BRDA:45,3,2,0
BRDA:45,3,3,0
BRF:8
BRH:8
end_of_record
TN:
SF:/Users/zhouxian/Desktop/web-app-zx/src/api/products/index.js
FN:57,_interopRequireDefault
FN:59,(anonymous_2)
FN:60,Products
FN:81,(anonymous_4)
FN:82,_callee
FN:83,_callee$
FN:102,get
FN:110,(anonymous_8)
FN:111,_callee2
FN:112,_callee2$
FN:130,create
FNF:11
FNH:11
FNDA:12,_interopRequireDefault
FNDA:1,(anonymous_2)
FNDA:1,Products
FNDA:1,(anonymous_4)
FNDA:0,_callee
FNDA:0,_callee$
FNDA:0,get
FNDA:1,(anonymous_8)
FNDA:0,_callee2
FNDA:0,_callee2$
FNDA:0,create
DA:0,12
DA:1,1
DA:2,1
DA:3,1
DA:5,1
DA:6,1
DA:7,1
DA:8,1
DA:9,1
DA:10,1
DA:13,1
DA:14,1
DA:15,1
DA:16,1
DA:17,1
DA:18,1
DA:19,1
DA:20,1
LF:18
LH:18
BRDA:57,1,0,12
BRDA:57,1,1,0
BRDA:57,2,0,12
BRDA:57,2,1,12
BRDA:85,3,0,0
BRDA:85,3,1,0
BRDA:85,3,2,0
BRDA:85,3,3,0
BRDA:89,4,0,0
BRDA:89,4,1,0
BRDA:114,5,0,0
BRDA:114,5,1,0
BRDA:114,5,2,0
BRDA:114,5,3,0
BRF:14
BRH:12
end_of_record
TN:
SF:/Users/zhouxian/Desktop/web-app-zx/src/api/products/one/index.js
FN:53,_interopRequireDefault
FN:55,(anonymous_2)
FN:56,Product
FN:77,(anonymous_4)
FN:78,_callee
FN:79,_callee$
FN:97,get
FN:105,(anonymous_8)
FN:106,_callee2
FN:107,_callee2$
FN:125,_delete
FNF:11
FNH:11
FNDA:11,_interopRequireDefault
FNDA:1,(anonymous_2)
FNDA:1,Product
FNDA:1,(anonymous_4)
FNDA:0,_callee
FNDA:0,_callee$
FNDA:0,get
FNDA:1,(anonymous_8)
FNDA:0,_callee2
FNDA:0,_callee2$
FNDA:0,_delete
DA:0,11
DA:1,1
DA:2,1
DA:4,1
DA:5,1
DA:6,1
DA:7,1
DA:8,1
DA:9,1
DA:12,1
DA:13,1
DA:14,1
DA:15,1
DA:16,1
DA:17,1
DA:18,1
DA:19,1
LF:17
LH:17
BRDA:53,1,0,11
BRDA:53,1,1,0
BRDA:53,2,0,11
BRDA:53,2,1,11
BRDA:81,3,0,0
BRDA:81,3,1,0
BRDA:81,3,2,0
BRDA:81,3,3,0
BRDA:109,4,0,0
BRDA:109,4,1,0
BRDA:109,4,2,0
BRDA:109,4,3,0
BRF:12
BRH:12
end_of_record
TN:
SF:/Users/zhouxian/Desktop/web-app-zx/src/api/products/one/categories/index.js
FN:29,_interopRequireDefault
FN:31,(anonymous_2)
FN:32,ProductCategories
FN:41,(anonymous_4)
FN:42,_callee
FN:43,_callee$
FN:61,get
FN:69,(anonymous_8)
FN:70,_callee2
FN:71,_callee2$
FN:89,create
FNF:11
FNH:11
FNDA:5,_interopRequireDefault
FNDA:1,(anonymous_2)
FNDA:1,ProductCategories
FNDA:1,(anonymous_4)
FNDA:0,_callee
FNDA:0,_callee$
FNDA:0,get
FNDA:1,(anonymous_8)
FNDA:0,_callee2
FNDA:0,_callee2$
FNDA:0,create
DA:0,5
DA:1,1
DA:2,1
DA:5,1
DA:6,1
LF:5
LH:5
BRDA:29,1,0,5
BRDA:29,1,1,0
BRDA:29,2,0,5
BRDA:29,2,1,5
BRDA:45,3,0,0
BRDA:45,3,1,0
BRDA:45,3,2,0
BRDA:45,3,3,0
BRDA:73,4,0,0
BRDA:73,4,1,0
BRDA:73,4,2,0
BRDA:73,4,3,0
BRF:12
BRH:12
end_of_record
TN:
SF:/Users/zhouxian/Desktop/web-app-zx/src/api/products/one/contents/index.js
FN:37,_interopRequireDefault
FN:39,(anonymous_2)
FN:40,ProductContents
FN:53,(anonymous_4)
FN:54,_callee
FN:55,_callee$
FN:73,get
FN:81,(anonymous_8)
FN:82,_callee2
FN:83,_callee2$
FN:101,create
FNF:11
FNH:11
FNDA:7,_interopRequireDefault
FNDA:1,(anonymous_2)
FNDA:1,ProductContents
FNDA:1,(anonymous_4)
FNDA:0,_callee
FNDA:0,_callee$
FNDA:0,get
FNDA:1,(anonymous_8)
FNDA:0,_callee2
FNDA:0,_callee2$
FNDA:0,create
DA:0,7
DA:1,1
DA:2,1
DA:4,1
DA:5,1
DA:8,1
DA:9,1
DA:10,1
DA:11,1
LF:9
LH:9
BRDA:37,1,0,7
BRDA:37,1,1,0
BRDA:37,2,0,7
BRDA:37,2,1,7
BRDA:57,3,0,0
BRDA:57,3,1,0
BRDA:57,3,2,0
BRDA:57,3,3,0
BRDA:85,4,0,0
BRDA:85,4,1,0
BRDA:85,4,2,0
BRDA:85,4,3,0
BRF:12
BRH:12
end_of_record
TN:
SF:/Users/zhouxian/Desktop/web-app-zx/src/api/products/one/contents/file/index.js
FN:33,_interopRequireDefault
FN:35,(anonymous_2)
FN:36,ContentFile
FN:45,(anonymous_4)
FN:46,_callee
FN:47,_callee$
FN:65,get
FN:73,(anonymous_8)
FN:74,_callee2
FN:76,_callee2$
FN:121,create
FNF:11
FNH:11
FNDA:6,_interopRequireDefault
FNDA:1,(anonymous_2)
FNDA:1,ContentFile
FNDA:1,(anonymous_4)
FNDA:0,_callee
FNDA:0,_callee$
FNDA:0,get
FNDA:1,(anonymous_8)
FNDA:0,_callee2
FNDA:0,_callee2$
FNDA:0,create
DA:0,6
DA:1,1
DA:2,1
DA:3,1
DA:6,1
DA:7,1
DA:22,0
DA:23,0
DA:24,0
DA:25,0
DA:26,0
DA:27,0
DA:28,0
LF:13
LH:6
BRDA:33,1,0,6
BRDA:33,1,1,0
BRDA:33,2,0,6
BRDA:33,2,1,6
BRDA:49,3,0,0
BRDA:49,3,1,0
BRDA:49,3,2,0
BRDA:49,3,3,0
BRDA:78,4,0,0
BRDA:78,4,1,0
BRDA:78,4,2,0
BRDA:78,4,3,0
BRDA:78,4,4,0
BRDA:78,4,5,0
BRDA:80,5,0,0
BRDA:80,5,1,0
BRDA:88,6,0,0
BRDA:88,6,1,0
BRDA:102,7,0,0
BRDA:102,7,1,0
BRDA:103,8,0,0
BRDA:103,8,1,0
BRDA:104,9,0,0
BRDA:104,9,1,0
BRDA:105,10,0,0
BRDA:105,10,1,0
BRF:26
BRH:18
end_of_record
TN:
SF:/Users/zhouxian/Desktop/web-app-zx/src/api/ParameterException.js
FN:7,ParameterException
FNF:1
FNH:0
FNDA:0,ParameterException
DA:0,1
DA:1,1
DA:2,0
DA:3,0
LF:4
LH:2
BRF:0
BRH:0
end_of_record
TN:
SF:/Users/zhouxian/Desktop/web-app-zx/src/api/products/one/contents/text/index.js
FN:33,_interopRequireDefault
FN:35,(anonymous_2)
FN:36,ContentText
FN:45,(anonymous_4)
FN:46,_callee
FN:47,_callee$
FN:65,get
FN:73,(anonymous_8)
FN:74,_callee2
FN:76,_callee2$
FN:122,create
FNF:11
FNH:11
FNDA:6,_interopRequireDefault
FNDA:1,(anonymous_2)
FNDA:1,ContentText
FNDA:1,(anonymous_4)
FNDA:0,_callee
FNDA:0,_callee$
FNDA:0,get
FNDA:1,(anonymous_8)
FNDA:0,_callee2
FNDA:0,_callee2$
FNDA:0,create
DA:0,6
DA:1,1
DA:2,1
DA:3,1
DA:6,1
DA:7,1
DA:26,0
DA:27,0
DA:28,0
DA:29,0
LF:10
LH:6
BRDA:33,1,0,6
BRDA:33,1,1,0
BRDA:33,2,0,6
BRDA:33,2,1,6
BRDA:49,3,0,0
BRDA:49,3,1,0
BRDA:49,3,2,0
BRDA:49,3,3,0
BRDA:78,4,0,0
BRDA:78,4,1,0
BRDA:78,4,2,0
BRDA:78,4,3,0
BRDA:78,4,4,0
BRDA:78,4,5,0
BRDA:80,5,0,0
BRDA:80,5,1,0
BRDA:88,6,0,0
BRDA:88,6,1,0
BRDA:103,7,0,0
BRDA:103,7,1,0
BRDA:104,8,0,0
BRDA:104,8,1,0
BRDA:105,9,0,0
BRDA:105,9,1,0
BRDA:106,10,0,0
BRDA:106,10,1,0
BRF:26
BRH:18
end_of_record
TN:
SF:/Users/zhouxian/Desktop/web-app-zx/src/api/products/one/prices/index.js
FN:33,_interopRequireDefault
FN:35,(anonymous_2)
FN:36,ProductPrices
FN:47,(anonymous_4)
FN:48,_callee
FN:49,_callee$
FN:67,get
FN:75,(anonymous_8)
FN:76,_callee2
FN:77,_callee2$
FN:95,create
FNF:11
FNH:11
FNDA:6,_interopRequireDefault
FNDA:1,(anonymous_2)
FNDA:1,ProductPrices
FNDA:1,(anonymous_4)
FNDA:0,_callee
FNDA:0,_callee$
FNDA:0,get
FNDA:1,(anonymous_8)
FNDA:0,_callee2
FNDA:0,_callee2$
FNDA:0,create
DA:0,6
DA:1,1
DA:2,1
DA:4,1
DA:7,1
DA:8,1
DA:9,1
LF:7
LH:7
BRDA:33,1,0,6
BRDA:33,1,1,0
BRDA:33,2,0,6
BRDA:33,2,1,6
BRDA:51,3,0,0
BRDA:51,3,1,0
BRDA:51,3,2,0
BRDA:51,3,3,0
BRDA:79,4,0,0
BRDA:79,4,1,0
BRDA:79,4,2,0
BRDA:79,4,3,0
BRF:12
BRH:12
end_of_record
TN:
SF:/Users/zhouxian/Desktop/web-app-zx/src/api/products/one/prices/one/index.js
FN:29,_interopRequireDefault
FN:31,(anonymous_2)
FN:32,ProductPrice
FN:41,(anonymous_4)
FN:42,_callee
FN:43,_callee$
FN:61,update
FN:69,(anonymous_8)
FN:70,_callee2
FN:71,_callee2$
FN:89,_delete
FNF:11
FNH:11
FNDA:5,_interopRequireDefault
FNDA:1,(anonymous_2)
FNDA:1,ProductPrice
FNDA:1,(anonymous_4)
FNDA:0,_callee
FNDA:0,_callee$
FNDA:0,update
FNDA:1,(anonymous_8)
FNDA:0,_callee2
FNDA:0,_callee2$
FNDA:0,_delete
DA:0,5
DA:1,1
DA:2,1
DA:5,1
DA:6,1
LF:5
LH:5
BRDA:29,1,0,5
BRDA:29,1,1,0
BRDA:29,2,0,5
BRDA:29,2,1,5
BRDA:45,3,0,0
BRDA:45,3,1,0
BRDA:45,3,2,0
BRDA:45,3,3,0
BRDA:73,4,0,0
BRDA:73,4,1,0
BRDA:73,4,2,0
BRDA:73,4,3,0
BRF:12
BRH:12
end_of_record
TN:
SF:/Users/zhouxian/Desktop/web-app-zx/src/api/products/one/features/index.js
FN:29,_interopRequireDefault
FN:31,(anonymous_2)
FN:32,ProductFeatures
FN:41,(anonymous_4)
FN:42,_callee
FN:43,_callee$
FN:61,get
FN:69,(anonymous_8)
FN:70,_callee2
FN:71,_callee2$
FN:89,create
FNF:11
FNH:11
FNDA:5,_interopRequireDefault
FNDA:1,(anonymous_2)
FNDA:1,ProductFeatures
FNDA:1,(anonymous_4)
FNDA:0,_callee
FNDA:0,_callee$
FNDA:0,get
FNDA:1,(anonymous_8)
FNDA:0,_callee2
FNDA:0,_callee2$
FNDA:0,create
DA:0,5
DA:1,1
DA:2,1
DA:5,1
DA:6,1
LF:5
LH:5
BRDA:29,1,0,5
BRDA:29,1,1,0
BRDA:29,2,0,5
BRDA:29,2,1,5
BRDA:45,3,0,0
BRDA:45,3,1,0
BRDA:45,3,2,0
BRDA:45,3,3,0
BRDA:73,4,0,0
BRDA:73,4,1,0
BRDA:73,4,2,0
BRDA:73,4,3,0
BRF:12
BRH:12
end_of_record
TN:
SF:/Users/zhouxian/Desktop/web-app-zx/src/api/products/one/geos/index.js
FN:33,_interopRequireDefault
FN:35,(anonymous_2)
FN:36,ProductGeos
FN:47,(anonymous_4)
FN:48,_callee
FN:49,_callee$
FN:67,get
FN:75,(anonymous_8)
FN:76,_callee2
FN:77,_callee2$
FN:95,create
FNF:11
FNH:11
FNDA:6,_interopRequireDefault
FNDA:1,(anonymous_2)
FNDA:1,ProductGeos
FNDA:1,(anonymous_4)
FNDA:0,_callee
FNDA:0,_callee$
FNDA:0,get
FNDA:1,(anonymous_8)
FNDA:0,_callee2
FNDA:0,_callee2$
FNDA:0,create
DA:0,6
DA:1,1
DA:2,1
DA:4,1
DA:7,1
DA:8,1
DA:9,1
LF:7
LH:7
BRDA:33,1,0,6
BRDA:33,1,1,0
BRDA:33,2,0,6
BRDA:33,2,1,6
BRDA:51,3,0,0
BRDA:51,3,1,0
BRDA:51,3,2,0
BRDA:51,3,3,0
BRDA:79,4,0,0
BRDA:79,4,1,0
BRDA:79,4,2,0
BRDA:79,4,3,0
BRF:12
BRH:12
end_of_record
TN:
SF:/Users/zhouxian/Desktop/web-app-zx/src/api/products/one/geos/one/index.js
FN:29,_interopRequireDefault
FN:31,(anonymous_2)
FN:32,ProductGeo
FN:41,(anonymous_4)
FN:42,_callee
FN:43,_callee$
FN:61,_delete
FNF:7
FNH:7
FNDA:5,_interopRequireDefault
FNDA:1,(anonymous_2)
FNDA:1,ProductGeo
FNDA:1,(anonymous_4)
FNDA:0,_callee
FNDA:0,_callee$
FNDA:0,_delete
DA:0,5
DA:1,1
DA:2,1
DA:5,1
DA:6,1
LF:5
LH:5
BRDA:29,1,0,5
BRDA:29,1,1,0
BRDA:29,2,0,5
BRDA:29,2,1,5
BRDA:45,3,0,0
BRDA:45,3,1,0
BRDA:45,3,2,0
BRDA:45,3,3,0
BRF:8
BRH:8
end_of_record
TN:
SF:/Users/zhouxian/Desktop/web-app-zx/src/api/products/one/stores/index.js
FN:29,_interopRequireDefault
FN:31,(anonymous_2)
FN:32,ProductStores
FN:41,(anonymous_4)
FN:42,_callee
FN:43,_callee$
FN:61,get
FN:69,(anonymous_8)
FN:70,_callee2
FN:71,_callee2$
FN:89,create
FNF:11
FNH:11
FNDA:5,_interopRequireDefault
FNDA:1,(anonymous_2)
FNDA:1,ProductStores
FNDA:1,(anonymous_4)
FNDA:0,_callee
FNDA:0,_callee$
FNDA:0,get
FNDA:1,(anonymous_8)
FNDA:0,_callee2
FNDA:0,_callee2$
FNDA:0,create
DA:0,5
DA:1,1
DA:2,1
DA:5,1
DA:6,1
LF:5
LH:5
BRDA:29,1,0,5
BRDA:29,1,1,0
BRDA:29,2,0,5
BRDA:29,2,1,5
BRDA:45,3,0,0
BRDA:45,3,1,0
BRDA:45,3,2,0
BRDA:45,3,3,0
BRDA:73,4,0,0
BRDA:73,4,1,0
BRDA:73,4,2,0
BRDA:73,4,3,0
BRF:12
BRH:12
end_of_record
TN:
SF:/Users/zhouxian/Desktop/web-app-zx/src/api/products/contents/index.js
FN:25,_interopRequireDefault
FN:27,(anonymous_2)
FN:28,ProductContents
FN:39,dummy
FNF:4
FNH:4
FNDA:4,_interopRequireDefault
FNDA:1,(anonymous_2)
FNDA:1,ProductContents
FNDA:0,dummy
DA:0,4
DA:1,1
DA:2,1
DA:4,1
DA:7,1
DA:8,1
DA:9,1
LF:7
LH:7
BRDA:25,1,0,4
BRDA:25,1,1,0
BRDA:25,2,0,4
BRDA:25,2,1,4
BRF:4
BRH:4
end_of_record
TN:
SF:/Users/zhouxian/Desktop/web-app-zx/src/api/products/contents/one/index.js
FN:25,_interopRequireDefault
FN:27,(anonymous_2)
FN:28,ProductContent
FN:39,dummy
FNF:4
FNH:4
FNDA:4,_interopRequireDefault
FNDA:1,(anonymous_2)
FNDA:1,ProductContent
FNDA:0,dummy
DA:0,4
DA:1,1
DA:2,1
DA:4,1
DA:7,1
DA:8,1
DA:9,1
LF:7
LH:7
BRDA:25,1,0,4
BRDA:25,1,1,0
BRDA:25,2,0,4
BRDA:25,2,1,4
BRF:4
BRH:4
end_of_record
TN:
SF:/Users/zhouxian/Desktop/web-app-zx/src/api/products/contents/one/text/index.js
FN:29,_interopRequireDefault
FN:31,(anonymous_2)
FN:32,ContentText
FN:41,(anonymous_4)
FN:42,_callee
FN:43,_callee$
FN:61,get
FNF:7
FNH:7
FNDA:5,_interopRequireDefault
FNDA:1,(anonymous_2)
FNDA:1,ContentText
FNDA:1,(anonymous_4)
FNDA:0,_callee
FNDA:0,_callee$
FNDA:0,get
DA:0,5
DA:1,1
DA:2,1
DA:5,1
DA:6,1
LF:5
LH:5
BRDA:29,1,0,5
BRDA:29,1,1,0
BRDA:29,2,0,5
BRDA:29,2,1,5
BRDA:45,3,0,0
BRDA:45,3,1,0
BRDA:45,3,2,0
BRDA:45,3,3,0
BRF:8
BRH:8
end_of_record
TN:
SF:/Users/zhouxian/Desktop/web-app-zx/src/api/products/features/index.js
FN:33,_interopRequireDefault
FN:35,(anonymous_2)
FN:36,Features
FN:46,(anonymous_4)
FN:47,_callee
FN:48,_callee$
FN:66,get
FN:74,(anonymous_8)
FN:75,_callee2
FN:76,_callee2$
FN:94,create
FNF:11
FNH:11
FNDA:6,_interopRequireDefault
FNDA:1,(anonymous_2)
FNDA:1,Features
FNDA:1,(anonymous_4)
FNDA:0,_callee
FNDA:0,_callee$
FNDA:0,get
FNDA:1,(anonymous_8)
FNDA:0,_callee2
FNDA:0,_callee2$
FNDA:0,create
DA:0,6
DA:1,1
DA:2,1
DA:4,1
DA:7,1
DA:8,1
DA:9,1
LF:7
LH:7
BRDA:33,1,0,6
BRDA:33,1,1,0
BRDA:33,2,0,6
BRDA:33,2,1,6
BRDA:50,3,0,0
BRDA:50,3,1,0
BRDA:50,3,2,0
BRDA:50,3,3,0
BRDA:78,4,0,0
BRDA:78,4,1,0
BRDA:78,4,2,0
BRDA:78,4,3,0
BRF:12
BRH:12
end_of_record
TN:
SF:/Users/zhouxian/Desktop/web-app-zx/src/api/products/features/groups/index.js
FN:29,_interopRequireDefault
FN:31,(anonymous_2)
FN:32,ProductFeatureGroups
FN:41,(anonymous_4)
FN:42,_callee
FN:43,_callee$
FN:61,get
FNF:7
FNH:7
FNDA:5,_interopRequireDefault
FNDA:1,(anonymous_2)
FNDA:1,ProductFeatureGroups
FNDA:1,(anonymous_4)
FNDA:0,_callee
FNDA:0,_callee$
FNDA:0,get
DA:0,5
DA:1,1
DA:2,1
DA:5,1
DA:6,1
LF:5
LH:5
BRDA:29,1,0,5
BRDA:29,1,1,0
BRDA:29,2,0,5
BRDA:29,2,1,5
BRDA:45,3,0,0
BRDA:45,3,1,0
BRDA:45,3,2,0
BRDA:45,3,3,0
BRF:8
BRH:8
end_of_record
TN:
SF:/Users/zhouxian/Desktop/web-app-zx/src/api/products/geos/index.js
FN:33,_interopRequireDefault
FN:35,(anonymous_2)
FN:36,ProductGeos
FN:47,(anonymous_4)
FN:48,_callee
FN:49,_callee$
FN:67,get
FNF:7
FNH:7
FNDA:6,_interopRequireDefault
FNDA:1,(anonymous_2)
FNDA:1,ProductGeos
FNDA:1,(anonymous_4)
FNDA:0,_callee
FNDA:0,_callee$
FNDA:0,get
DA:0,6
DA:1,1
DA:2,1
DA:4,1
DA:7,1
DA:8,1
DA:9,1
LF:7
LH:7
BRDA:33,1,0,6
BRDA:33,1,1,0
BRDA:33,2,0,6
BRDA:33,2,1,6
BRDA:51,3,0,0
BRDA:51,3,1,0
BRDA:51,3,2,0
BRDA:51,3,3,0
BRF:8
BRH:8
end_of_record
TN:
SF:/Users/zhouxian/Desktop/web-app-zx/src/api/products/geos/all/index.js
FN:29,_interopRequireDefault
FN:31,(anonymous_2)
FN:32,All
FN:41,(anonymous_4)
FN:42,_callee
FN:43,_callee$
FN:61,get
FNF:7
FNH:7
FNDA:5,_interopRequireDefault
FNDA:1,(anonymous_2)
FNDA:1,All
FNDA:1,(anonymous_4)
FNDA:0,_callee
FNDA:0,_callee$
FNDA:0,get
DA:0,5
DA:1,1
DA:2,1
DA:5,1
DA:6,1
LF:5
LH:5
BRDA:29,1,0,5
BRDA:29,1,1,0
BRDA:29,2,0,5
BRDA:29,2,1,5
BRDA:45,3,0,0
BRDA:45,3,1,0
BRDA:45,3,2,0
BRDA:45,3,3,0
BRF:8
BRH:8
end_of_record
TN:
SF:/Users/zhouxian/Desktop/web-app-zx/src/api/products/reviews/index.js
FN:33,_interopRequireDefault
FN:35,(anonymous_2)
FN:36,ProductReviews
FN:47,(anonymous_4)
FN:48,_callee
FN:49,_callee$
FN:67,get
FNF:7
FNH:7
FNDA:6,_interopRequireDefault
FNDA:1,(anonymous_2)
FNDA:1,ProductReviews
FNDA:1,(anonymous_4)
FNDA:0,_callee
FNDA:0,_callee$
FNDA:0,get
DA:0,6
DA:1,1
DA:2,1
DA:4,1
DA:7,1
DA:8,1
DA:9,1
LF:7
LH:7
BRDA:33,1,0,6
BRDA:33,1,1,0
BRDA:33,2,0,6
BRDA:33,2,1,6
BRDA:51,3,0,0
BRDA:51,3,1,0
BRDA:51,3,2,0
BRDA:51,3,3,0
BRF:8
BRH:8
end_of_record
TN:
SF:/Users/zhouxian/Desktop/web-app-zx/src/api/products/reviews/one/index.js
FN:29,_interopRequireDefault
FN:31,(anonymous_2)
FN:32,ProductReview
FN:41,(anonymous_4)
FN:42,_callee
FN:43,_callee$
FN:61,_delete
FNF:7
FNH:7
FNDA:5,_interopRequireDefault
FNDA:1,(anonymous_2)
FNDA:1,ProductReview
FNDA:1,(anonymous_4)
FNDA:0,_callee
FNDA:0,_callee$
FNDA:0,_delete
DA:0,5
DA:1,1
DA:2,1
DA:5,1
DA:6,1
LF:5
LH:5
BRDA:29,1,0,5
BRDA:29,1,1,0
BRDA:29,2,0,5
BRDA:29,2,1,5
BRDA:45,3,0,0
BRDA:45,3,1,0
BRDA:45,3,2,0
BRDA:45,3,3,0
BRF:8
BRH:8
end_of_record
TN:
SF:/Users/zhouxian/Desktop/web-app-zx/src/api/orders/index.js
FN:37,_interopRequireDefault
FN:39,(anonymous_2)
FN:40,Orders
FN:51,(anonymous_4)
FN:52,_callee
FN:53,_callee$
FN:72,get
FN:80,(anonymous_8)
FN:81,_callee2
FN:82,_callee2$
FN:100,create
FNF:11
FNH:11
FNDA:7,_interopRequireDefault
FNDA:1,(anonymous_2)
FNDA:1,Orders
FNDA:1,(anonymous_4)
FNDA:0,_callee
FNDA:0,_callee$
FNDA:0,get
FNDA:1,(anonymous_8)
FNDA:0,_callee2
FNDA:0,_callee2$
FNDA:0,create
DA:0,7
DA:1,1
DA:2,1
DA:3,1
DA:5,1
DA:8,1
DA:9,1
DA:10,1
LF:8
LH:8
BRDA:37,1,0,7
BRDA:37,1,1,0
BRDA:37,2,0,7
BRDA:37,2,1,7
BRDA:55,3,0,0
BRDA:55,3,1,0
BRDA:55,3,2,0
BRDA:55,3,3,0
BRDA:59,4,0,0
BRDA:59,4,1,0
BRDA:84,5,0,0
BRDA:84,5,1,0
BRDA:84,5,2,0
BRDA:84,5,3,0
BRF:14
BRH:12
end_of_record
TN:
SF:/Users/zhouxian/Desktop/web-app-zx/src/api/orders/one/index.js
FN:53,_interopRequireDefault
FN:55,(anonymous_2)
FN:56,Order
FN:75,(anonymous_4)
FN:76,_callee
FN:77,_callee$
FN:95,get
FN:103,(anonymous_8)
FN:104,_callee2
FN:105,_callee2$
FN:123,propose
FN:131,(anonymous_12)
FN:132,_callee3
FN:133,_callee3$
FN:151,place
FN:159,(anonymous_16)
FN:160,_callee4
FN:161,_callee4$
FN:179,approve
FN:187,(anonymous_20)
FN:188,_callee5
FN:189,_callee5$
FN:207,submitResult
FN:215,(anonymous_24)
FN:216,_callee6
FN:217,_callee6$
FN:235,confirmResult
FN:243,(anonymous_28)
FN:244,_callee7
FN:245,_callee7$
FN:263,cancel
FN:271,(anonymous_32)
FN:272,_callee8
FN:273,_callee8$
FN:291,status
FN:299,(anonymous_36)
FN:300,_callee9
FN:301,_callee9$
FN:306,(anonymous_39)
FN:321,clone
FNF:40
FNH:39
FNDA:11,_interopRequireDefault
FNDA:1,(anonymous_2)
FNDA:1,Order
FNDA:1,(anonymous_4)
FNDA:0,_callee
FNDA:0,_callee$
FNDA:0,get
FNDA:1,(anonymous_8)
FNDA:0,_callee2
FNDA:0,_callee2$
FNDA:0,propose
FNDA:1,(anonymous_12)
FNDA:0,_callee3
FNDA:0,_callee3$
FNDA:0,place
FNDA:1,(anonymous_16)
FNDA:0,_callee4
FNDA:0,_callee4$
FNDA:0,approve
FNDA:1,(anonymous_20)
FNDA:0,_callee5
FNDA:0,_callee5$
FNDA:0,submitResult
FNDA:1,(anonymous_24)
FNDA:0,_callee6
FNDA:0,_callee6$
FNDA:0,confirmResult
FNDA:1,(anonymous_28)
FNDA:0,_callee7
FNDA:0,_callee7$
FNDA:0,cancel
FNDA:1,(anonymous_32)
FNDA:0,_callee8
FNDA:0,_callee8$
FNDA:0,status
FNDA:1,(anonymous_36)
FNDA:0,_callee9
FNDA:0,_callee9$
FNDA:0,(anonymous_39)
FNDA:0,clone
DA:0,11
DA:1,1
DA:2,1
DA:4,1
DA:5,1
DA:6,1
DA:7,1
DA:8,1
DA:11,1
DA:12,1
DA:13,1
DA:14,1
DA:15,1
DA:16,1
DA:17,1
DA:60,0
LF:16
LH:15
BRDA:53,1,0,11
BRDA:53,1,1,0
BRDA:53,2,0,11
BRDA:53,2,1,11
BRDA:79,3,0,0
BRDA:79,3,1,0
BRDA:79,3,2,0
BRDA:79,3,3,0
BRDA:107,4,0,0
BRDA:107,4,1,0
BRDA:107,4,2,0
BRDA:107,4,3,0
BRDA:135,5,0,0
BRDA:135,5,1,0
BRDA:135,5,2,0
BRDA:135,5,3,0
BRDA:163,6,0,0
BRDA:163,6,1,0
BRDA:163,6,2,0
BRDA:163,6,3,0
BRDA:191,7,0,0
BRDA:191,7,1,0
BRDA:191,7,2,0
BRDA:191,7,3,0
BRDA:219,8,0,0
BRDA:219,8,1,0
BRDA:219,8,2,0
BRDA:219,8,3,0
BRDA:247,9,0,0
BRDA:247,9,1,0
BRDA:247,9,2,0
BRDA:247,9,3,0
BRDA:275,10,0,0
BRDA:275,10,1,0
BRDA:275,10,2,0
BRDA:275,10,3,0
BRDA:303,11,0,0
BRDA:303,11,1,0
BRDA:303,11,2,0
BRDA:303,11,3,0
BRF:40
BRH:40
end_of_record
TN:
SF:/Users/zhouxian/Desktop/web-app-zx/src/api/orders/one/displayInfo/index.js
FN:29,_interopRequireDefault
FN:31,(anonymous_2)
FN:32,OrderDisplayInfo
FN:41,(anonymous_4)
FN:42,_callee
FN:43,_callee$
FN:61,get
FNF:7
FNH:7
FNDA:5,_interopRequireDefault
FNDA:1,(anonymous_2)
FNDA:1,OrderDisplayInfo
FNDA:1,(anonymous_4)
FNDA:0,_callee
FNDA:0,_callee$
FNDA:0,get
DA:0,5
DA:1,1
DA:2,1
DA:5,1
DA:6,1
LF:5
LH:5
BRDA:29,1,0,5
BRDA:29,1,1,0
BRDA:29,2,0,5
BRDA:29,2,1,5
BRDA:45,3,0,0
BRDA:45,3,1,0
BRDA:45,3,2,0
BRDA:45,3,3,0
BRF:8
BRH:8
end_of_record
TN:
SF:/Users/zhouxian/Desktop/web-app-zx/src/api/orders/one/parts/index.js
FN:33,_interopRequireDefault
FN:35,(anonymous_2)
FN:36,OrderParts
FN:47,(anonymous_4)
FN:48,_callee
FN:49,_callee$
FN:67,create
FNF:7
FNH:7
FNDA:6,_interopRequireDefault
FNDA:1,(anonymous_2)
FNDA:1,OrderParts
FNDA:1,(anonymous_4)
FNDA:0,_callee
FNDA:0,_callee$
FNDA:0,create
DA:0,6
DA:1,1
DA:2,1
DA:4,1
DA:7,1
DA:8,1
DA:9,1
LF:7
LH:7
BRDA:33,1,0,6
BRDA:33,1,1,0
BRDA:33,2,0,6
BRDA:33,2,1,6
BRDA:51,3,0,0
BRDA:51,3,1,0
BRDA:51,3,2,0
BRDA:51,3,3,0
BRF:8
BRH:8
end_of_record
TN:
SF:/Users/zhouxian/Desktop/web-app-zx/src/api/orders/one/parts/one/index.js
FN:33,_interopRequireDefault
FN:35,(anonymous_2)
FN:36,OrderPart
FN:47,(anonymous_4)
FN:48,_callee
FN:49,_callee$
FN:67,get
FN:75,(anonymous_8)
FN:76,_callee2
FN:77,_callee2$
FN:95,update
FNF:11
FNH:11
FNDA:6,_interopRequireDefault
FNDA:1,(anonymous_2)
FNDA:1,OrderPart
FNDA:1,(anonymous_4)
FNDA:0,_callee
FNDA:0,_callee$
FNDA:0,get
FNDA:1,(anonymous_8)
FNDA:0,_callee2
FNDA:0,_callee2$
FNDA:0,update
DA:0,6
DA:1,1
DA:2,1
DA:4,1
DA:7,1
DA:8,1
DA:9,1
LF:7
LH:7
BRDA:33,1,0,6
BRDA:33,1,1,0
BRDA:33,2,0,6
BRDA:33,2,1,6
BRDA:51,3,0,0
BRDA:51,3,1,0
BRDA:51,3,2,0
BRDA:51,3,3,0
BRDA:79,4,0,0
BRDA:79,4,1,0
BRDA:79,4,2,0
BRDA:79,4,3,0
BRF:12
BRH:12
end_of_record
TN:
SF:/Users/zhouxian/Desktop/web-app-zx/src/api/orders/one/parts/one/parties/index.js
FN:21,_interopRequireDefault
FN:23,OrderPartParties
FNF:2
FNH:2
FNDA:3,_interopRequireDefault
FNDA:1,OrderPartParties
DA:0,3
DA:1,1
DA:2,1
DA:4,1
DA:7,1
DA:8,1
DA:9,1
LF:7
LH:7
BRDA:21,1,0,3
BRDA:21,1,1,0
BRDA:21,2,0,3
BRDA:21,2,1,3
BRF:4
BRH:4
end_of_record
TN:
SF:/Users/zhouxian/Desktop/web-app-zx/src/api/orders/one/parts/one/parties/customer/index.js
FN:29,_interopRequireDefault
FN:31,(anonymous_2)
FN:32,Customer
FN:41,(anonymous_4)
FN:42,_callee
FN:43,_callee$
FN:61,get
FNF:7
FNH:7
FNDA:5,_interopRequireDefault
FNDA:1,(anonymous_2)
FNDA:2,Customer
FNDA:1,(anonymous_4)
FNDA:0,_callee
FNDA:0,_callee$
FNDA:0,get
DA:0,5
DA:1,1
DA:2,1
DA:5,2
DA:6,2
LF:5
LH:5
BRDA:29,1,0,5
BRDA:29,1,1,0
BRDA:29,2,0,5
BRDA:29,2,1,5
BRDA:45,3,0,0
BRDA:45,3,1,0
BRDA:45,3,2,0
BRDA:45,3,3,0
BRF:8
BRH:8
end_of_record
TN:
SF:/Users/zhouxian/Desktop/web-app-zx/src/api/orders/one/items/index.js
FN:33,_interopRequireDefault
FN:35,(anonymous_2)
FN:36,OrderItems
FN:47,(anonymous_4)
FN:48,_callee
FN:49,_callee$
FN:67,get
FN:75,(anonymous_8)
FN:76,_callee2
FN:77,_callee2$
FN:95,create
FNF:11
FNH:11
FNDA:6,_interopRequireDefault
FNDA:1,(anonymous_2)
FNDA:1,OrderItems
FNDA:1,(anonymous_4)
FNDA:0,_callee
FNDA:0,_callee$
FNDA:0,get
FNDA:1,(anonymous_8)
FNDA:0,_callee2
FNDA:0,_callee2$
FNDA:0,create
DA:0,6
DA:1,1
DA:2,1
DA:4,1
DA:7,1
DA:8,1
DA:9,1
LF:7
LH:7
BRDA:33,1,0,6
BRDA:33,1,1,0
BRDA:33,2,0,6
BRDA:33,2,1,6
BRDA:51,3,0,0
BRDA:51,3,1,0
BRDA:51,3,2,0
BRDA:51,3,3,0
BRDA:79,4,0,0
BRDA:79,4,1,0
BRDA:79,4,2,0
BRDA:79,4,3,0
BRF:12
BRH:12
end_of_record
TN:
SF:/Users/zhouxian/Desktop/web-app-zx/src/api/orders/one/items/one/index.js
FN:29,_interopRequireDefault
FN:31,(anonymous_2)
FN:32,OrderItem
FN:41,(anonymous_4)
FN:42,_callee
FN:43,_callee$
FN:61,get
FN:69,(anonymous_8)
FN:70,_callee2
FN:71,_callee2$
FN:89,update
FN:97,(anonymous_12)
FN:98,_callee3
FN:99,_callee3$
FN:117,_delete
FNF:15
FNH:15
FNDA:5,_interopRequireDefault
FNDA:1,(anonymous_2)
FNDA:1,OrderItem
FNDA:1,(anonymous_4)
FNDA:0,_callee
FNDA:0,_callee$
FNDA:0,get
FNDA:1,(anonymous_8)
FNDA:0,_callee2
FNDA:0,_callee2$
FNDA:0,update
FNDA:1,(anonymous_12)
FNDA:0,_callee3
FNDA:0,_callee3$
FNDA:0,_delete
DA:0,5
DA:1,1
DA:2,1
DA:5,1
DA:6,1
LF:5
LH:5
BRDA:29,1,0,5
BRDA:29,1,1,0
BRDA:29,2,0,5
BRDA:29,2,1,5
BRDA:45,3,0,0
BRDA:45,3,1,0
BRDA:45,3,2,0
BRDA:45,3,3,0
BRDA:73,4,0,0
BRDA:73,4,1,0
BRDA:73,4,2,0
BRDA:73,4,3,0
BRDA:101,5,0,0
BRDA:101,5,1,0
BRDA:101,5,2,0
BRDA:101,5,3,0
BRF:16
BRH:16
end_of_record
TN:
SF:/Users/zhouxian/Desktop/web-app-zx/src/api/orders/one/payments/index.js
FN:25,_interopRequireDefault
FN:27,(anonymous_2)
FN:28,Payments
FN:37,(anonymous_4)
FN:38,_callee
FN:39,_callee$
FN:57,get
FNF:7
FNH:7
FNDA:4,_interopRequireDefault
FNDA:1,(anonymous_2)
FNDA:1,Payments
FNDA:1,(anonymous_4)
FNDA:0,_callee
FNDA:0,_callee$
FNDA:0,get
DA:0,4
DA:1,1
DA:4,1
DA:5,1
LF:4
LH:4
BRDA:25,1,0,4
BRDA:25,1,1,0
BRDA:25,2,0,4
BRDA:25,2,1,4
BRDA:41,3,0,0
BRDA:41,3,1,0
BRDA:41,3,2,0
BRDA:41,3,3,0
BRF:8
BRH:8
end_of_record
TN:
SF:/Users/zhouxian/Desktop/web-app-zx/src/api/orders/one/assets/index.js
FN:25,_interopRequireDefault
FN:27,(anonymous_2)
FN:28,Assets
FN:37,(anonymous_4)
FN:38,_callee
FN:39,_callee$
FN:57,get
FNF:7
FNH:7
FNDA:4,_interopRequireDefault
FNDA:1,(anonymous_2)
FNDA:1,Assets
FNDA:1,(anonymous_4)
FNDA:0,_callee
FNDA:0,_callee$
FNDA:0,get
DA:0,4
DA:1,1
DA:4,1
DA:5,1
LF:4
LH:4
BRDA:25,1,0,4
BRDA:25,1,1,0
BRDA:25,2,0,4
BRDA:25,2,1,4
BRDA:41,3,0,0
BRDA:41,3,1,0
BRDA:41,3,2,0
BRDA:41,3,3,0
BRF:8
BRH:8
end_of_record
TN:
SF:/Users/zhouxian/Desktop/web-app-zx/src/api/parties/index.js
FN:37,_interopRequireDefault
FN:39,(anonymous_2)
FN:40,Parties
FN:57,dummy
FNF:4
FNH:4
FNDA:7,_interopRequireDefault
FNDA:1,(anonymous_2)
FNDA:1,Parties
FNDA:0,dummy
DA:0,7
DA:1,1
DA:2,1
DA:4,1
DA:5,1
DA:6,1
DA:7,1
DA:10,1
DA:11,1
DA:12,1
DA:13,1
DA:14,1
DA:15,1
LF:13
LH:13
BRDA:37,1,0,7
BRDA:37,1,1,0
BRDA:37,2,0,7
BRDA:37,2,1,7
BRF:4
BRH:4
end_of_record
TN:
SF:/Users/zhouxian/Desktop/web-app-zx/src/api/parties/one/index.js
FN:25,_interopRequireDefault
FN:27,(anonymous_2)
FN:28,Party
FN:39,dummy
FNF:4
FNH:4
FNDA:4,_interopRequireDefault
FNDA:1,(anonymous_2)
FNDA:1,Party
FNDA:0,dummy
DA:0,4
DA:1,1
DA:2,1
DA:4,1
DA:7,1
DA:8,1
DA:9,1
LF:7
LH:7
BRDA:25,1,0,4
BRDA:25,1,1,0
BRDA:25,2,0,4
BRDA:25,2,1,4
BRF:4
BRH:4
end_of_record
TN:
SF:/Users/zhouxian/Desktop/web-app-zx/src/api/parties/one/contactMechs/index.js
FN:53,_interopRequireDefault
FN:55,(anonymous_2)
FN:56,ContactMechs
FN:77,(anonymous_4)
FN:78,_callee
FN:79,_callee$
FN:97,get
FNF:7
FNH:7
FNDA:11,_interopRequireDefault
FNDA:1,(anonymous_2)
FNDA:1,ContactMechs
FNDA:1,(anonymous_4)
FNDA:0,_callee
FNDA:0,_callee$
FNDA:0,get
DA:0,11
DA:1,1
DA:2,1
DA:4,1
DA:5,1
DA:6,1
DA:7,1
DA:8,1
DA:9,1
DA:12,1
DA:13,1
DA:14,1
DA:15,1
DA:16,1
DA:17,1
DA:18,1
DA:19,1
LF:17
LH:17
BRDA:53,1,0,11
BRDA:53,1,1,0
BRDA:53,2,0,11
BRDA:53,2,1,11
BRDA:81,3,0,0
BRDA:81,3,1,0
BRDA:81,3,2,0
BRDA:81,3,3,0
BRF:8
BRH:8
end_of_record
TN:
SF:/Users/zhouxian/Desktop/web-app-zx/src/api/parties/one/contactMechs/domainNames/index.js
FN:29,_interopRequireDefault
FN:31,(anonymous_2)
FN:32,DomainNames
FN:41,(anonymous_4)
FN:42,_callee
FN:43,_callee$
FN:61,create
FNF:7
FNH:7
FNDA:5,_interopRequireDefault
FNDA:1,(anonymous_2)
FNDA:1,DomainNames
FNDA:1,(anonymous_4)
FNDA:0,_callee
FNDA:0,_callee$
FNDA:0,create
DA:0,5
DA:1,1
DA:2,1
DA:5,1
DA:6,1
LF:5
LH:5
BRDA:29,1,0,5
BRDA:29,1,1,0
BRDA:29,2,0,5
BRDA:29,2,1,5
BRDA:45,3,0,0
BRDA:45,3,1,0
BRDA:45,3,2,0
BRDA:45,3,3,0
BRF:8
BRH:8
end_of_record
TN:
SF:/Users/zhouxian/Desktop/web-app-zx/src/api/parties/one/contactMechs/emailAddresses/index.js
FN:29,_interopRequireDefault
FN:31,(anonymous_2)
FN:32,EmailAddresses
FN:41,(anonymous_4)
FN:42,_callee
FN:43,_callee$
FN:61,create
FNF:7
FNH:7
FNDA:5,_interopRequireDefault
FNDA:1,(anonymous_2)
FNDA:1,EmailAddresses
FNDA:1,(anonymous_4)
FNDA:0,_callee
FNDA:0,_callee$
FNDA:0,create
DA:0,5
DA:1,1
DA:2,1
DA:5,1
DA:6,1
LF:5
LH:5
BRDA:29,1,0,5
BRDA:29,1,1,0
BRDA:29,2,0,5
BRDA:29,2,1,5
BRDA:45,3,0,0
BRDA:45,3,1,0
BRDA:45,3,2,0
BRDA:45,3,3,0
BRF:8
BRH:8
end_of_record
TN:
SF:/Users/zhouxian/Desktop/web-app-zx/src/api/parties/one/contactMechs/postalAddresses/index.js
FN:29,_interopRequireDefault
FN:31,(anonymous_2)
FN:32,PostalAddresses
FN:41,(anonymous_4)
FN:42,_callee
FN:43,_callee$
FN:61,create
FNF:7
FNH:7
FNDA:5,_interopRequireDefault
FNDA:1,(anonymous_2)
FNDA:1,PostalAddresses
FNDA:1,(anonymous_4)
FNDA:0,_callee
FNDA:0,_callee$
FNDA:0,create
DA:0,5
DA:1,1
DA:2,1
DA:5,1
DA:6,1
LF:5
LH:5
BRDA:29,1,0,5
BRDA:29,1,1,0
BRDA:29,2,0,5
BRDA:29,2,1,5
BRDA:45,3,0,0
BRDA:45,3,1,0
BRDA:45,3,2,0
BRDA:45,3,3,0
BRF:8
BRH:8
end_of_record
TN:
SF:/Users/zhouxian/Desktop/web-app-zx/src/api/parties/one/contactMechs/purposes/index.js
FN:17,_interopRequireDefault
FN:19,ContactMechPurposes
FNF:2
FNH:2
FNDA:2,_interopRequireDefault
FNDA:1,ContactMechPurposes
DA:0,2
DA:1,1
DA:3,1
DA:6,1
DA:7,1
DA:8,1
LF:6
LH:6
BRDA:17,1,0,2
BRDA:17,1,1,0
BRDA:17,2,0,2
BRDA:17,2,1,2
BRF:4
BRH:4
end_of_record
TN:
SF:/Users/zhouxian/Desktop/web-app-zx/src/api/parties/one/contactMechs/purposes/one/index.js
FN:29,_interopRequireDefault
FN:31,(anonymous_2)
FN:32,ContactMechPurpose
FN:41,(anonymous_4)
FN:42,_callee
FN:43,_callee$
FN:63,get
FNF:7
FNH:7
FNDA:5,_interopRequireDefault
FNDA:1,(anonymous_2)
FNDA:1,ContactMechPurpose
FNDA:1,(anonymous_4)
FNDA:0,_callee
FNDA:0,_callee$
FNDA:0,get
DA:0,5
DA:1,1
DA:2,1
DA:5,1
DA:6,1
LF:5
LH:5
BRDA:29,1,0,5
BRDA:29,1,1,0
BRDA:29,2,0,5
BRDA:29,2,1,5
BRDA:45,3,0,0
BRDA:45,3,1,0
BRDA:45,3,2,0
BRDA:45,3,3,0
BRF:8
BRH:8
end_of_record
TN:
SF:/Users/zhouxian/Desktop/web-app-zx/src/api/parties/one/contactMechs/telecomNumbers/index.js
FN:29,_interopRequireDefault
FN:31,(anonymous_2)
FN:32,TelecomNumbers
FN:41,(anonymous_4)
FN:42,_callee
FN:43,_callee$
FN:61,create
FNF:7
FNH:7
FNDA:5,_interopRequireDefault
FNDA:1,(anonymous_2)
FNDA:1,TelecomNumbers
FNDA:1,(anonymous_4)
FNDA:0,_callee
FNDA:0,_callee$
FNDA:0,create
DA:0,5
DA:1,1
DA:2,1
DA:5,1
DA:6,1
LF:5
LH:5
BRDA:29,1,0,5
BRDA:29,1,1,0
BRDA:29,2,0,5
BRDA:29,2,1,5
BRDA:45,3,0,0
BRDA:45,3,1,0
BRDA:45,3,2,0
BRDA:45,3,3,0
BRF:8
BRH:8
end_of_record
TN:
SF:/Users/zhouxian/Desktop/web-app-zx/src/api/parties/one/contactMechs/webAddresses/index.js
FN:29,_interopRequireDefault
FN:31,(anonymous_2)
FN:32,WebAddresses
FN:41,(anonymous_4)
FN:42,_callee
FN:43,_callee$
FN:61,create
FNF:7
FNH:7
FNDA:5,_interopRequireDefault
FNDA:1,(anonymous_2)
FNDA:1,WebAddresses
FNDA:1,(anonymous_4)
FNDA:0,_callee
FNDA:0,_callee$
FNDA:0,create
DA:0,5
DA:1,1
DA:2,1
DA:5,1
DA:6,1
LF:5
LH:5
BRDA:29,1,0,5
BRDA:29,1,1,0
BRDA:29,2,0,5
BRDA:29,2,1,5
BRDA:45,3,0,0
BRDA:45,3,1,0
BRDA:45,3,2,0
BRDA:45,3,3,0
BRF:8
BRH:8
end_of_record
TN:
SF:/Users/zhouxian/Desktop/web-app-zx/src/api/parties/contactMechs/index.js
FN:33,_interopRequireDefault
FN:35,(anonymous_2)
FN:36,ContactMechs
FN:53,dummy
FNF:4
FNH:4
FNDA:6,_interopRequireDefault
FNDA:1,(anonymous_2)
FNDA:1,ContactMechs
FNDA:0,dummy
DA:0,6
DA:1,1
DA:3,1
DA:4,1
DA:5,1
DA:6,1
DA:9,1
DA:10,1
DA:11,1
DA:12,1
DA:13,1
DA:14,1
LF:12
LH:12
BRDA:33,1,0,6
BRDA:33,1,1,0
BRDA:33,2,0,6
BRDA:33,2,1,6
BRF:4
BRH:4
end_of_record
TN:
SF:/Users/zhouxian/Desktop/web-app-zx/src/api/parties/contactMechs/telecomNumbers/index.js
FN:17,_interopRequireDefault
FN:19,TelecomNumbers
FNF:2
FNH:2
FNDA:2,_interopRequireDefault
FNDA:1,TelecomNumbers
DA:0,2
DA:1,1
DA:3,1
DA:6,1
DA:7,1
DA:8,1
LF:6
LH:6
BRDA:17,1,0,2
BRDA:17,1,1,0
BRDA:17,2,0,2
BRDA:17,2,1,2
BRF:4
BRH:4
end_of_record
TN:
SF:/Users/zhouxian/Desktop/web-app-zx/src/api/parties/contactMechs/telecomNumbers/one/index.js
FN:29,_interopRequireDefault
FN:31,(anonymous_2)
FN:32,TelecomNumber
FN:41,(anonymous_4)
FN:42,_callee
FN:43,_callee$
FN:61,get
FNF:7
FNH:7
FNDA:5,_interopRequireDefault
FNDA:1,(anonymous_2)
FNDA:1,TelecomNumber
FNDA:1,(anonymous_4)
FNDA:0,_callee
FNDA:0,_callee$
FNDA:0,get
DA:0,5
DA:1,1
DA:2,1
DA:5,1
DA:6,1
LF:5
LH:5
BRDA:29,1,0,5
BRDA:29,1,1,0
BRDA:29,2,0,5
BRDA:29,2,1,5
BRDA:45,3,0,0
BRDA:45,3,1,0
BRDA:45,3,2,0
BRDA:45,3,3,0
BRF:8
BRH:8
end_of_record
TN:
SF:/Users/zhouxian/Desktop/web-app-zx/src/api/parties/contactMechs/domainNames/index.js
FN:17,_interopRequireDefault
FN:19,DomainNames
FNF:2
FNH:2
FNDA:2,_interopRequireDefault
FNDA:1,DomainNames
DA:0,2
DA:1,1
DA:3,1
DA:6,1
DA:7,1
DA:8,1
LF:6
LH:6
BRDA:17,1,0,2
BRDA:17,1,1,0
BRDA:17,2,0,2
BRDA:17,2,1,2
BRF:4
BRH:4
end_of_record
TN:
SF:/Users/zhouxian/Desktop/web-app-zx/src/api/parties/contactMechs/domainNames/one/index.js
FN:29,_interopRequireDefault
FN:31,(anonymous_2)
FN:32,DomainName
FN:41,(anonymous_4)
FN:42,_callee
FN:43,_callee$
FN:61,get
FNF:7
FNH:7
FNDA:5,_interopRequireDefault
FNDA:1,(anonymous_2)
FNDA:1,DomainName
FNDA:1,(anonymous_4)
FNDA:0,_callee
FNDA:0,_callee$
FNDA:0,get
DA:0,5
DA:1,1
DA:2,1
DA:5,1
DA:6,1
LF:5
LH:5
BRDA:29,1,0,5
BRDA:29,1,1,0
BRDA:29,2,0,5
BRDA:29,2,1,5
BRDA:45,3,0,0
BRDA:45,3,1,0
BRDA:45,3,2,0
BRDA:45,3,3,0
BRF:8
BRH:8
end_of_record
TN:
SF:/Users/zhouxian/Desktop/web-app-zx/src/api/parties/contactMechs/emailAddresses/index.js
FN:17,_interopRequireDefault
FN:19,EmailAddresses
FNF:2
FNH:2
FNDA:2,_interopRequireDefault
FNDA:1,EmailAddresses
DA:0,2
DA:1,1
DA:3,1
DA:6,1
DA:7,1
DA:8,1
LF:6
LH:6
BRDA:17,1,0,2
BRDA:17,1,1,0
BRDA:17,2,0,2
BRDA:17,2,1,2
BRF:4
BRH:4
end_of_record
TN:
SF:/Users/zhouxian/Desktop/web-app-zx/src/api/parties/contactMechs/emailAddresses/one/index.js
FN:29,_interopRequireDefault
FN:31,(anonymous_2)
FN:32,EmailAddress
FN:41,(anonymous_4)
FN:42,_callee
FN:43,_callee$
FN:61,get
FNF:7
FNH:7
FNDA:5,_interopRequireDefault
FNDA:1,(anonymous_2)
FNDA:1,EmailAddress
FNDA:1,(anonymous_4)
FNDA:0,_callee
FNDA:0,_callee$
FNDA:0,get
DA:0,5
DA:1,1
DA:2,1
DA:5,1
DA:6,1
LF:5
LH:5
BRDA:29,1,0,5
BRDA:29,1,1,0
BRDA:29,2,0,5
BRDA:29,2,1,5
BRDA:45,3,0,0
BRDA:45,3,1,0
BRDA:45,3,2,0
BRDA:45,3,3,0
BRF:8
BRH:8
end_of_record
TN:
SF:/Users/zhouxian/Desktop/web-app-zx/src/api/parties/contactMechs/webAddresses/index.js
FN:17,_interopRequireDefault
FN:19,WebAddresses
FNF:2
FNH:2
FNDA:2,_interopRequireDefault
FNDA:1,WebAddresses
DA:0,2
DA:1,1
DA:3,1
DA:6,1
DA:7,1
DA:8,1
LF:6
LH:6
BRDA:17,1,0,2
BRDA:17,1,1,0
BRDA:17,2,0,2
BRDA:17,2,1,2
BRF:4
BRH:4
end_of_record
TN:
SF:/Users/zhouxian/Desktop/web-app-zx/src/api/parties/contactMechs/webAddresses/one/index.js
FN:29,_interopRequireDefault
FN:31,(anonymous_2)
FN:32,WebAddress
FN:41,(anonymous_4)
FN:42,_callee
FN:43,_callee$
FN:61,get
FNF:7
FNH:7
FNDA:5,_interopRequireDefault
FNDA:1,(anonymous_2)
FNDA:1,WebAddress
FNDA:1,(anonymous_4)
FNDA:0,_callee
FNDA:0,_callee$
FNDA:0,get
DA:0,5
DA:1,1
DA:2,1
DA:5,1
DA:6,1
LF:5
LH:5
BRDA:29,1,0,5
BRDA:29,1,1,0
BRDA:29,2,0,5
BRDA:29,2,1,5
BRDA:45,3,0,0
BRDA:45,3,1,0
BRDA:45,3,2,0
BRDA:45,3,3,0
BRF:8
BRH:8
end_of_record
TN:
SF:/Users/zhouxian/Desktop/web-app-zx/src/api/parties/organizations/index.js
FN:25,_interopRequireDefault
FN:27,(anonymous_2)
FN:28,Organizations
FN:38,dummy
FNF:4
FNH:4
FNDA:4,_interopRequireDefault
FNDA:1,(anonymous_2)
FNDA:1,Organizations
FNDA:0,dummy
DA:0,4
DA:1,1
DA:2,1
DA:4,1
DA:7,1
DA:8,1
DA:9,1
LF:7
LH:7
BRDA:25,1,0,4
BRDA:25,1,1,0
BRDA:25,2,0,4
BRDA:25,2,1,4
BRF:4
BRH:4
end_of_record
TN:
SF:/Users/zhouxian/Desktop/web-app-zx/src/api/parties/organizations/one/index.js
FN:29,_interopRequireDefault
FN:31,(anonymous_2)
FN:32,Organization
FN:41,(anonymous_4)
FN:42,_callee
FN:43,_callee$
FN:61,get
FN:69,(anonymous_8)
FN:70,_callee2
FN:71,_callee2$
FN:89,update
FNF:11
FNH:11
FNDA:5,_interopRequireDefault
FNDA:1,(anonymous_2)
FNDA:1,Organization
FNDA:1,(anonymous_4)
FNDA:0,_callee
FNDA:0,_callee$
FNDA:0,get
FNDA:1,(anonymous_8)
FNDA:0,_callee2
FNDA:0,_callee2$
FNDA:0,update
DA:0,5
DA:1,1
DA:2,1
DA:5,1
DA:6,1
LF:5
LH:5
BRDA:29,1,0,5
BRDA:29,1,1,0
BRDA:29,2,0,5
BRDA:29,2,1,5
BRDA:45,3,0,0
BRDA:45,3,1,0
BRDA:45,3,2,0
BRDA:45,3,3,0
BRDA:73,4,0,0
BRDA:73,4,1,0
BRDA:73,4,2,0
BRDA:73,4,3,0
BRF:12
BRH:12
end_of_record
TN:
SF:/Users/zhouxian/Desktop/web-app-zx/src/api/parties/persons/index.js
FN:25,_interopRequireDefault
FN:27,(anonymous_2)
FN:28,Persons
FN:39,dummy
FNF:4
FNH:4
FNDA:4,_interopRequireDefault
FNDA:1,(anonymous_2)
FNDA:1,Persons
FNDA:0,dummy
DA:0,4
DA:1,1
DA:2,1
DA:4,1
DA:7,1
DA:8,1
DA:9,1
LF:7
LH:7
BRDA:25,1,0,4
BRDA:25,1,1,0
BRDA:25,2,0,4
BRDA:25,2,1,4
BRF:4
BRH:4
end_of_record
TN:
SF:/Users/zhouxian/Desktop/web-app-zx/src/api/parties/persons/one/index.js
FN:29,_interopRequireDefault
FN:31,(anonymous_2)
FN:32,Person
FN:41,(anonymous_4)
FN:42,_callee
FN:43,_callee$
FN:61,get
FN:69,(anonymous_8)
FN:70,_callee2
FN:71,_callee2$
FN:89,update
FNF:11
FNH:11
FNDA:5,_interopRequireDefault
FNDA:1,(anonymous_2)
FNDA:1,Person
FNDA:1,(anonymous_4)
FNDA:0,_callee
FNDA:0,_callee$
FNDA:0,get
FNDA:1,(anonymous_8)
FNDA:0,_callee2
FNDA:0,_callee2$
FNDA:0,update
DA:0,5
DA:1,1
DA:2,1
DA:5,1
DA:6,1
LF:5
LH:5
BRDA:29,1,0,5
BRDA:29,1,1,0
BRDA:29,2,0,5
BRDA:29,2,1,5
BRDA:45,3,0,0
BRDA:45,3,1,0
BRDA:45,3,2,0
BRDA:45,3,3,0
BRDA:73,4,0,0
BRDA:73,4,1,0
BRDA:73,4,2,0
BRDA:73,4,3,0
BRF:12
BRH:12
end_of_record
TN:
SF:/Users/zhouxian/Desktop/web-app-zx/src/api/payments/index.js
FN:21,_interopRequireDefault
FN:23,Payments
FNF:2
FNH:2
FNDA:3,_interopRequireDefault
FNDA:1,Payments
DA:0,3
DA:1,1
DA:2,1
DA:4,1
LF:4
LH:4
BRDA:21,1,0,3
BRDA:21,1,1,0
BRDA:21,2,0,3
BRDA:21,2,1,3
BRF:4
BRH:4
end_of_record
TN:
SF:/Users/zhouxian/Desktop/web-app-zx/src/api/payments/one/index.js
FN:29,_interopRequireDefault
FN:31,Payment
FNF:2
FNH:2
FNDA:5,_interopRequireDefault
FNDA:1,Payment
DA:0,5
DA:1,1
DA:2,1
DA:4,1
DA:5,1
DA:6,1
LF:6
LH:6
BRDA:29,1,0,5
BRDA:29,1,1,0
BRDA:29,2,0,5
BRDA:29,2,1,5
BRF:4
BRH:4
end_of_record
TN:
SF:/Users/zhouxian/Desktop/web-app-zx/src/api/payments/one/invoices/index.js
FN:21,_interopRequireDefault
FN:23,Invoices
FNF:2
FNH:2
FNDA:3,_interopRequireDefault
FNDA:1,Invoices
DA:0,3
DA:1,1
DA:2,1
DA:4,1
LF:4
LH:4
BRDA:21,1,0,3
BRDA:21,1,1,0
BRDA:21,2,0,3
BRDA:21,2,1,3
BRF:4
BRH:4
end_of_record
TN:
SF:/Users/zhouxian/Desktop/web-app-zx/src/api/payments/one/invoices/one/index.js
FN:33,_interopRequireDefault
FN:35,(anonymous_2)
FN:36,Invoice
FN:42,(anonymous_4)
FN:43,_callee
FN:44,_callee$
FN:49,(anonymous_7)
FN:64,apply
FNF:8
FNH:7
FNDA:6,_interopRequireDefault
FNDA:1,(anonymous_2)
FNDA:1,Invoice
FNDA:1,(anonymous_4)
FNDA:0,_callee
FNDA:0,_callee$
FNDA:0,(anonymous_7)
FNDA:0,apply
DA:0,6
DA:1,1
DA:2,1
DA:6,0
LF:4
LH:3
BRDA:33,1,0,6
BRDA:33,1,1,0
BRDA:33,2,0,6
BRDA:33,2,1,6
BRDA:46,3,0,0
BRDA:46,3,1,0
BRDA:46,3,2,0
BRDA:46,3,3,0
BRF:8
BRH:8
end_of_record
TN:
SF:/Users/zhouxian/Desktop/web-app-zx/src/api/payments/one/gateways/index.js
FN:41,_interopRequireDefault
FN:43,(anonymous_2)
FN:44,PaymentGateways
FN:52,(anonymous_4)
FN:53,_callee
FN:54,_callee$
FN:59,(anonymous_7)
FN:74,capture
FN:82,(anonymous_9)
FN:83,_callee2
FN:84,_callee2$
FN:89,(anonymous_12)
FN:104,release
FN:112,(anonymous_14)
FN:113,_callee3
FN:114,_callee3$
FN:119,(anonymous_17)
FN:134,refund
FNF:18
FNH:15
FNDA:8,_interopRequireDefault
FNDA:1,(anonymous_2)
FNDA:1,PaymentGateways
FNDA:1,(anonymous_4)
FNDA:0,_callee
FNDA:0,_callee$
FNDA:0,(anonymous_7)
FNDA:0,capture
FNDA:1,(anonymous_9)
FNDA:0,_callee2
FNDA:0,_callee2$
FNDA:0,(anonymous_12)
FNDA:0,release
FNDA:1,(anonymous_14)
FNDA:0,_callee3
FNDA:0,_callee3$
FNDA:0,(anonymous_17)
FNDA:0,refund
DA:0,8
DA:1,1
DA:2,1
DA:4,1
DA:5,1
DA:12,0
DA:16,0
DA:20,0
LF:8
LH:5
BRDA:41,1,0,8
BRDA:41,1,1,0
BRDA:41,2,0,8
BRDA:41,2,1,8
BRDA:56,3,0,0
BRDA:56,3,1,0
BRDA:56,3,2,0
BRDA:56,3,3,0
BRDA:86,4,0,0
BRDA:86,4,1,0
BRDA:86,4,2,0
BRDA:86,4,3,0
BRDA:116,5,0,0
BRDA:116,5,1,0
BRDA:116,5,2,0
BRDA:116,5,3,0
BRF:16
BRH:16
end_of_record
TN:
SF:/Users/zhouxian/Desktop/web-app-zx/src/api/payments/one/gateways/one/index.js
FN:33,_interopRequireDefault
FN:35,(anonymous_2)
FN:36,PaymentGateway
FN:42,(anonymous_4)
FN:43,_callee
FN:44,_callee$
FN:49,(anonymous_7)
FN:64,authorize
FNF:8
FNH:7
FNDA:6,_interopRequireDefault
FNDA:1,(anonymous_2)
FNDA:1,PaymentGateway
FNDA:1,(anonymous_4)
FNDA:0,_callee
FNDA:0,_callee$
FNDA:0,(anonymous_7)
FNDA:0,authorize
DA:0,6
DA:1,1
DA:2,1
DA:7,0
LF:4
LH:3
BRDA:33,1,0,6
BRDA:33,1,1,0
BRDA:33,2,0,6
BRDA:33,2,1,6
BRDA:46,3,0,0
BRDA:46,3,1,0
BRDA:46,3,2,0
BRDA:46,3,3,0
BRF:8
BRH:8
end_of_record
TN:
SF:/Users/zhouxian/Desktop/web-app-zx/src/api/payments/one/gateways/store/index.js
FN:21,_interopRequireDefault
FN:23,Store
FNF:2
FNH:2
FNDA:3,_interopRequireDefault
FNDA:1,Store
DA:0,3
DA:1,1
DA:2,1
DA:4,1
LF:4
LH:4
BRDA:21,1,0,3
BRDA:21,1,1,0
BRDA:21,2,0,3
BRDA:21,2,1,3
BRF:4
BRH:4
end_of_record
TN:
SF:/Users/zhouxian/Desktop/web-app-zx/src/api/payments/one/gateways/store/one/index.js
FN:33,_interopRequireDefault
FN:35,(anonymous_2)
FN:36,ProductStore
FN:42,(anonymous_4)
FN:43,_callee
FN:44,_callee$
FN:49,(anonymous_7)
FN:64,authorize
FNF:8
FNH:7
FNDA:6,_interopRequireDefault
FNDA:1,(anonymous_2)
FNDA:1,ProductStore
FNDA:1,(anonymous_4)
FNDA:0,_callee
FNDA:0,_callee$
FNDA:0,(anonymous_7)
FNDA:0,authorize
DA:0,6
DA:1,1
DA:2,1
DA:7,0
LF:4
LH:3
BRDA:33,1,0,6
BRDA:33,1,1,0
BRDA:33,2,0,6
BRDA:33,2,1,6
BRDA:46,3,0,0
BRDA:46,3,1,0
BRDA:46,3,2,0
BRDA:46,3,3,0
BRF:8
BRH:8
end_of_record
TN:
SF:/Users/zhouxian/Desktop/web-app-zx/src/api/payments/one/applications/index.js
FN:21,_interopRequireDefault
FN:23,PaymentApplications
FNF:2
FNH:2
FNDA:3,_interopRequireDefault
FNDA:1,PaymentApplications
DA:0,3
DA:1,1
DA:2,1
DA:4,1
LF:4
LH:4
BRDA:21,1,0,3
BRDA:21,1,1,0
BRDA:21,2,0,3
BRDA:21,2,1,3
BRF:4
BRH:4
end_of_record
TN:
SF:/Users/zhouxian/Desktop/web-app-zx/src/api/payments/one/applications/one/index.js
FN:29,_interopRequireDefault
FN:31,(anonymous_2)
FN:32,PaymentApplication
FN:38,(anonymous_4)
FN:39,_callee
FN:40,_callee$
FN:45,(anonymous_7)
FN:60,unapply
FNF:8
FNH:7
FNDA:5,_interopRequireDefault
FNDA:1,(anonymous_2)
FNDA:1,PaymentApplication
FNDA:1,(anonymous_4)
FNDA:0,_callee
FNDA:0,_callee$
FNDA:0,(anonymous_7)
FNDA:0,unapply
DA:0,5
DA:1,1
DA:6,0
LF:3
LH:2
BRDA:29,1,0,5
BRDA:29,1,1,0
BRDA:29,2,0,5
BRDA:29,2,1,5
BRDA:42,3,0,0
BRDA:42,3,1,0
BRDA:42,3,2,0
BRDA:42,3,3,0
BRF:8
BRH:8
end_of_record
TN:
SF:/Users/zhouxian/Desktop/web-app-zx/src/api/stores/index.js
FN:25,_interopRequireDefault
FN:27,(anonymous_2)
FN:28,ProductStores
FN:39,dummy
FNF:4
FNH:4
FNDA:4,_interopRequireDefault
FNDA:1,(anonymous_2)
FNDA:1,ProductStores
FNDA:0,dummy
DA:0,4
DA:1,1
DA:2,1
DA:4,1
DA:7,1
DA:8,1
DA:9,1
LF:7
LH:7
BRDA:25,1,0,4
BRDA:25,1,1,0
BRDA:25,2,0,4
BRDA:25,2,1,4
BRF:4
BRH:4
end_of_record
TN:
SF:/Users/zhouxian/Desktop/web-app-zx/src/api/stores/one/index.js
FN:29,_interopRequireDefault
FN:31,(anonymous_2)
FN:32,ProductStore
FN:45,dummy
FNF:4
FNH:4
FNDA:5,_interopRequireDefault
FNDA:1,(anonymous_2)
FNDA:1,ProductStore
FNDA:0,dummy
DA:0,5
DA:1,1
DA:2,1
DA:4,1
DA:5,1
DA:8,1
DA:9,1
DA:10,1
DA:11,1
LF:9
LH:9
BRDA:29,1,0,5
BRDA:29,1,1,0
BRDA:29,2,0,5
BRDA:29,2,1,5
BRF:4
BRH:4
end_of_record
TN:
SF:/Users/zhouxian/Desktop/web-app-zx/src/api/stores/one/orders/index.js
FN:33,_interopRequireDefault
FN:35,(anonymous_2)
FN:36,Orders
FN:45,(anonymous_4)
FN:46,_callee
FN:47,_callee$
FN:68,get
FNF:7
FNH:7
FNDA:6,_interopRequireDefault
FNDA:1,(anonymous_2)
FNDA:1,Orders
FNDA:1,(anonymous_4)
FNDA:0,_callee
FNDA:0,_callee$
FNDA:0,get
DA:0,6
DA:1,1
DA:2,1
DA:3,1
DA:6,1
DA:7,1
LF:6
LH:6
BRDA:33,1,0,6
BRDA:33,1,1,0
BRDA:33,2,0,6
BRDA:33,2,1,6
BRDA:49,3,0,0
BRDA:49,3,1,0
BRDA:49,3,2,0
BRDA:49,3,3,0
BRDA:53,4,0,0
BRDA:53,4,1,0
BRF:10
BRH:8
end_of_record
TN:
SF:/Users/zhouxian/Desktop/web-app-zx/src/api/stores/one/products/index.js
FN:33,_interopRequireDefault
FN:35,(anonymous_2)
FN:36,Products
FN:45,(anonymous_4)
FN:46,_callee
FN:47,_callee$
FN:67,get
FNF:7
FNH:7
FNDA:6,_interopRequireDefault
FNDA:1,(anonymous_2)
FNDA:1,Products
FNDA:1,(anonymous_4)
FNDA:0,_callee
FNDA:0,_callee$
FNDA:0,get
DA:0,6
DA:1,1
DA:2,1
DA:3,1
DA:6,1
DA:7,1
LF:6
LH:6
BRDA:33,1,0,6
BRDA:33,1,1,0
BRDA:33,2,0,6
BRDA:33,2,1,6
BRDA:49,3,0,0
BRDA:49,3,1,0
BRDA:49,3,2,0
BRDA:49,3,3,0
BRDA:53,4,0,0
BRDA:53,4,1,0
BRF:10
BRH:8
end_of_record
TN:
SF:/Users/zhouxian/Desktop/web-app-zx/src/api/users/index.js
FN:37,_interopRequireDefault
FN:39,(anonymous_2)
FN:40,Users
FN:53,(anonymous_4)
FN:54,_callee
FN:55,_callee$
FN:73,logout
FNF:7
FNH:7
FNDA:7,_interopRequireDefault
FNDA:1,(anonymous_2)
FNDA:1,Users
FNDA:1,(anonymous_4)
FNDA:0,_callee
FNDA:0,_callee$
FNDA:0,logout
DA:0,7
DA:1,1
DA:2,1
DA:4,1
DA:5,1
DA:8,1
DA:9,1
DA:10,1
DA:11,1
LF:9
LH:9
BRDA:37,1,0,7
BRDA:37,1,1,0
BRDA:37,2,0,7
BRDA:37,2,1,7
BRDA:57,3,0,0
BRDA:57,3,1,0
BRDA:57,3,2,0
BRDA:57,3,3,0
BRF:8
BRH:8
end_of_record
TN:
SF:/Users/zhouxian/Desktop/web-app-zx/src/api/users/apiKey/index.js
FN:29,_interopRequireDefault
FN:31,(anonymous_2)
FN:32,ApiKey
FN:41,(anonymous_4)
FN:42,_callee
FN:43,_callee$
FN:48,(anonymous_7)
FN:63,get
FNF:8
FNH:7
FNDA:5,_interopRequireDefault
FNDA:1,(anonymous_2)
FNDA:1,ApiKey
FNDA:1,(anonymous_4)
FNDA:0,_callee
FNDA:0,_callee$
FNDA:0,(anonymous_7)
FNDA:0,get
DA:0,5
DA:1,1
DA:4,1
DA:5,1
DA:11,0
LF:5
LH:4
BRDA:29,1,0,5
BRDA:29,1,1,0
BRDA:29,2,0,5
BRDA:29,2,1,5
BRDA:45,3,0,0
BRDA:45,3,1,0
BRDA:45,3,2,0
BRDA:45,3,3,0
BRF:8
BRH:8
end_of_record
TN:
SF:/Users/zhouxian/Desktop/web-app-zx/src/api/users/one/index.js
FN:37,_interopRequireDefault
FN:39,(anonymous_2)
FN:40,User
FN:53,(anonymous_4)
FN:54,_callee
FN:55,_callee$
FN:73,get
FN:81,(anonymous_8)
FN:82,_callee2
FN:83,_callee2$
FN:102,login
FNF:11
FNH:11
FNDA:7,_interopRequireDefault
FNDA:1,(anonymous_2)
FNDA:1,User
FNDA:1,(anonymous_4)
FNDA:0,_callee
FNDA:0,_callee$
FNDA:0,get
FNDA:1,(anonymous_8)
FNDA:0,_callee2
FNDA:0,_callee2$
FNDA:0,login
DA:0,7
DA:1,1
DA:2,1
DA:4,1
DA:5,1
DA:8,1
DA:9,1
DA:10,1
DA:11,1
LF:9
LH:9
BRDA:37,1,0,7
BRDA:37,1,1,0
BRDA:37,2,0,7
BRDA:37,2,1,7
BRDA:57,3,0,0
BRDA:57,3,1,0
BRDA:57,3,2,0
BRDA:57,3,3,0
BRDA:85,4,0,0
BRDA:85,4,1,0
BRDA:85,4,2,0
BRDA:85,4,3,0
BRF:12
BRH:12
end_of_record
TN:
SF:/Users/zhouxian/Desktop/web-app-zx/src/api/users/one/productStores/index.js
FN:29,_interopRequireDefault
FN:31,(anonymous_2)
FN:32,ProductStores
FN:41,(anonymous_4)
FN:42,_callee
FN:43,_callee$
FN:61,get
FNF:7
FNH:7
FNDA:5,_interopRequireDefault
FNDA:1,(anonymous_2)
FNDA:1,ProductStores
FNDA:1,(anonymous_4)
FNDA:0,_callee
FNDA:0,_callee$
FNDA:0,get
DA:0,5
DA:1,1
DA:2,1
DA:5,1
DA:6,1
LF:5
LH:5
BRDA:29,1,0,5
BRDA:29,1,1,0
BRDA:29,2,0,5
BRDA:29,2,1,5
BRDA:45,3,0,0
BRDA:45,3,1,0
BRDA:45,3,2,0
BRDA:45,3,3,0
BRF:8
BRH:8
end_of_record
TN:
SF:/Users/zhouxian/Desktop/web-app-zx/src/api/users/one/orders/index.js
FN:33,_interopRequireDefault
FN:35,(anonymous_2)
FN:36,Orders
FN:47,(anonymous_4)
FN:48,_callee
FN:49,_callee$
FN:67,get
FNF:7
FNH:7
FNDA:6,_interopRequireDefault
FNDA:1,(anonymous_2)
FNDA:1,Orders
FNDA:1,(anonymous_4)
FNDA:0,_callee
FNDA:0,_callee$
FNDA:0,get
DA:0,6
DA:1,1
DA:2,1
DA:4,1
DA:7,1
DA:8,1
DA:9,1
LF:7
LH:7
BRDA:33,1,0,6
BRDA:33,1,1,0
BRDA:33,2,0,6
BRDA:33,2,1,6
BRDA:51,3,0,0
BRDA:51,3,1,0
BRDA:51,3,2,0
BRDA:51,3,3,0
BRF:8
BRH:8
end_of_record
TN:
SF:/Users/zhouxian/Desktop/web-app-zx/src/api/users/one/orders/allOrgs/index.js
FN:29,_interopRequireDefault
FN:31,(anonymous_2)
FN:32,AllOrgsOrders
FN:41,(anonymous_4)
FN:42,_callee
FN:43,_callee$
FN:61,get
FNF:7
FNH:7
FNDA:5,_interopRequireDefault
FNDA:1,(anonymous_2)
FNDA:1,AllOrgsOrders
FNDA:1,(anonymous_4)
FNDA:0,_callee
FNDA:0,_callee$
FNDA:0,get
DA:0,5
DA:1,1
DA:2,1
DA:5,1
DA:6,1
LF:5
LH:5
BRDA:29,1,0,5
BRDA:29,1,1,0
BRDA:29,2,0,5
BRDA:29,2,1,5
BRDA:45,3,0,0
BRDA:45,3,1,0
BRDA:45,3,2,0
BRDA:45,3,3,0
BRF:8
BRH:8
end_of_record
TN:
SF:/Users/zhouxian/Desktop/web-app-zx/src/api/products/categories/one/index.js
FN:37,_interopRequireDefault
FN:39,(anonymous_2)
FN:40,ProductCategory
FN:53,(anonymous_4)
FN:54,_callee
FN:55,_callee$
FN:73,get
FNF:7
FNH:7
FNDA:7,_interopRequireDefault
FNDA:1,(anonymous_2)
FNDA:1,ProductCategory
FNDA:1,(anonymous_4)
FNDA:0,_callee
FNDA:0,_callee$
FNDA:0,get
DA:0,7
DA:1,1
DA:2,1
DA:4,1
DA:5,1
DA:8,1
DA:9,1
DA:10,1
DA:11,1
LF:9
LH:9
BRDA:37,1,0,7
BRDA:37,1,1,0
BRDA:37,2,0,7
BRDA:37,2,1,7
BRDA:57,3,0,0
BRDA:57,3,1,0
BRDA:57,3,2,0
BRDA:57,3,3,0
BRF:8
BRH:8
end_of_record
TN:
SF:/Users/zhouxian/Desktop/web-app-zx/src/api/products/categories/one/childCategories/index.js
FN:29,_interopRequireDefault
FN:31,(anonymous_2)
FN:32,ChildCategories
FN:41,(anonymous_4)
FN:42,_callee
FN:43,_callee$
FN:61,get
FNF:7
FNH:7
FNDA:5,_interopRequireDefault
FNDA:1,(anonymous_2)
FNDA:1,ChildCategories
FNDA:1,(anonymous_4)
FNDA:0,_callee
FNDA:0,_callee$
FNDA:0,get
DA:0,5
DA:1,1
DA:2,1
DA:5,1
DA:6,1
LF:5
LH:5
BRDA:29,1,0,5
BRDA:29,1,1,0
BRDA:29,2,0,5
BRDA:29,2,1,5
BRDA:45,3,0,0
BRDA:45,3,1,0
BRDA:45,3,2,0
BRDA:45,3,3,0
BRDA:48,4,0,0
BRDA:48,4,1,0
BRF:10
BRH:8
end_of_record
TN:
SF:/Users/zhouxian/Desktop/web-app-zx/src/api/products/categories/one/products/index.js
FN:33,_interopRequireDefault
FN:35,(anonymous_2)
FN:36,Products
FN:45,(anonymous_4)
FN:46,_callee
FN:47,_callee$
FN:66,get
FNF:7
FNH:7
FNDA:6,_interopRequireDefault
FNDA:1,(anonymous_2)
FNDA:1,Products
FNDA:1,(anonymous_4)
FNDA:0,_callee
FNDA:0,_callee$
FNDA:0,get
DA:0,6
DA:1,1
DA:2,1
DA:3,1
DA:6,1
DA:7,1
LF:6
LH:6
BRDA:33,1,0,6
BRDA:33,1,1,0
BRDA:33,2,0,6
BRDA:33,2,1,6
BRDA:49,3,0,0
BRDA:49,3,1,0
BRDA:49,3,2,0
BRDA:49,3,3,0
BRDA:53,4,0,0
BRDA:53,4,1,0
BRF:10
BRH:8
end_of_record
TN:
SF:/Users/zhouxian/Desktop/web-app-zx/src/containers/Header/Header.js
FN:59,_interopRequireDefault
FN:61,(anonymous_2)
FN:64,Header
FN:71,render
FNF:4
FNH:4
FNDA:12,_interopRequireDefault
FNDA:1,(anonymous_2)
FNDA:1,Header
FNDA:1,render
DA:0,12
DA:1,1
DA:2,1
DA:4,1
DA:5,1
DA:6,1
DA:7,1
DA:9,1
DA:11,1
DA:12,1
DA:16,1
DA:79,1
LF:12
LH:12
BRDA:59,1,0,5
BRDA:59,1,1,7
BRDA:59,2,0,12
BRDA:59,2,1,12
BRF:4
BRH:4
end_of_record
TN:
SF:/Users/zhouxian/Desktop/web-app-zx/src/layouts/CoreLayout/CoreLayout.js
FN:26,_interopRequireDefault
FN:28,CoreLayout
FNF:2
FNH:2
FNDA:4,_interopRequireDefault
FNDA:1,CoreLayout
DA:0,4
DA:1,1
DA:2,1
DA:3,1
DA:5,1
DA:6,1
DA:8,1
DA:18,1
LF:8
LH:8
BRDA:26,1,0,2
BRDA:26,1,1,2
BRDA:26,2,0,4
BRDA:26,2,1,4
BRF:4
BRH:4
end_of_record
TN:
SF:/Users/zhouxian/Desktop/web-app-zx/src/containers/Header/index.js
FN:11,_interopRequireDefault
FNF:1
FNH:1
FNDA:1,_interopRequireDefault
DA:0,1
DA:1,1
LF:2
LH:2
BRDA:11,1,0,1
BRDA:11,1,1,0
BRDA:11,2,0,1
BRDA:11,2,1,1
BRF:4
BRH:4
end_of_record
TN:
SF:/Users/zhouxian/Desktop/web-app-zx/src/components/Footer/index.js
FN:11,_interopRequireDefault
FNF:1
FNH:1
FNDA:1,_interopRequireDefault
DA:0,1
DA:1,1
LF:2
LH:2
BRDA:11,1,0,1
BRDA:11,1,1,0
BRDA:11,2,0,1
BRDA:11,2,1,1
BRF:4
BRH:4
end_of_record
TN:
SF:/Users/zhouxian/Desktop/web-app-zx/src/components/Footer/Footer.js
FN:31,_interopRequireDefault
FN:33,(anonymous_2)
FN:36,Footer
FN:43,render
FNF:4
FNH:4
FNDA:6,_interopRequireDefault
FNDA:1,(anonymous_2)
FNDA:0,Footer
FNDA:0,render
DA:0,6
DA:1,1
DA:5,0
LF:3
LH:2
BRDA:31,1,0,5
BRDA:31,1,1,1
BRDA:31,2,0,6
BRDA:31,2,1,6
BRF:4
BRH:4
end_of_record
TN:
SF:/Users/zhouxian/Desktop/web-app-zx/src/routes/Home/containers/HomeView.js
FN:71,_interopRequireDefault
FN:74,mapStateToProps
FN:79,mapDispatchToProps
FN:82,(anonymous_4)
FN:96,(anonymous_5)
FN:99,HomeView
FN:110,_bind
FN:117,(anonymous_8)
FN:123,componentDidMount
FN:128,render
FNF:10
FNH:5
FNDA:14,_interopRequireDefault
FNDA:0,mapStateToProps
FNDA:0,mapDispatchToProps
FNDA:0,(anonymous_4)
FNDA:1,(anonymous_5)
FNDA:0,HomeView
FNDA:0,_bind
FNDA:0,(anonymous_8)
FNDA:0,componentDidMount
FNDA:0,render
DA:0,14
DA:1,1
DA:2,1
DA:3,1
DA:4,1
DA:5,1
DA:6,1
DA:7,1
DA:8,1
DA:9,1
DA:10,1
DA:11,1
DA:12,1
DA:13,1
DA:14,1
DA:17,1
DA:18,0
DA:22,1
DA:23,0
DA:24,0
DA:35,1
DA:37,0
DA:39,0
DA:40,0
DA:41,0
DA:45,0
DA:49,0
DA:70,1
LF:28
LH:19
BRDA:71,1,0,10
BRDA:71,1,1,4
BRDA:71,2,0,14
BRDA:71,2,1,14
BRF:4
BRH:4
end_of_record
TN:
SF:/Users/zhouxian/Desktop/web-app-zx/src/routes/Home/components/CategoryMenu/index.js
FN:11,_interopRequireDefault
FNF:1
FNH:1
FNDA:1,_interopRequireDefault
DA:0,1
DA:1,1
LF:2
LH:2
BRDA:11,1,0,1
BRDA:11,1,1,0
BRDA:11,2,0,1
BRDA:11,2,1,1
BRF:4
BRH:4
end_of_record
TN:
SF:/Users/zhouxian/Desktop/web-app-zx/src/routes/Home/components/CategoryMenu/CategoryMenu.js
FN:45,_interopRequireDefault
FN:47,(anonymous_2)
FN:50,CategoryMenu
FN:65,_bind
FN:72,(anonymous_5)
FN:78,componentWillMount
FN:88,handleSwitchMenuIndex
FN:95,resetActiveMenuIndex
FN:102,render
FN:118,(anonymous_10)
FN:147,(anonymous_11)
FNF:11
FNH:7
FNDA:9,_interopRequireDefault
FNDA:1,(anonymous_2)
FNDA:0,CategoryMenu
FNDA:0,_bind
FNDA:0,(anonymous_5)
FNDA:0,componentWillMount
FNDA:0,handleSwitchMenuIndex
FNDA:0,resetActiveMenuIndex
FNDA:0,render
FNDA:0,(anonymous_10)
FNDA:0,(anonymous_11)
DA:0,9
DA:1,1
DA:2,1
DA:3,1
DA:4,1
DA:6,1
DA:9,1
DA:11,0
DA:15,0
DA:18,0
DA:19,0
DA:20,0
DA:25,0
DA:34,0
DA:40,0
DA:46,0
DA:47,0
DA:48,0
DA:49,0
DA:52,0
DA:57,0
DA:58,0
DA:59,0
DA:61,0
DA:62,0
DA:78,0
DA:91,1
DA:95,1
LF:28
LH:9
BRDA:45,1,0,7
BRDA:45,1,1,2
BRDA:45,2,0,9
BRDA:45,2,1,9
BRDA:105,3,0,0
BRDA:105,3,1,0
BRDA:120,4,0,0
BRDA:120,4,1,0
BRDA:144,5,0,0
BRDA:144,5,1,0
BRDA:144,6,0,0
BRDA:144,6,1,0
BRF:12
BRH:4
end_of_record
TN:
SF:/Users/zhouxian/Desktop/web-app-zx/src/components/ReactMenuAim/index.js
FN:35,_interopRequireDefault
FN:54,on
FN:58,(anonymous_3)
FN:64,off
FN:72,offset
FN:87,outerWidth
FN:95,outerHeight
FN:114,handleMouseMoveDocument
FN:125,getActivateDelay
FN:195,slope
FN:238,activate
FN:242,possiblyActivate
FN:247,(anonymous_13)
FN:259,(anonymous_14)
FN:262,ReactMenuAim
FN:269,initMenuAim
FN:274,__getMouseMoveDocumentHandler
FN:283,componentDidMount
FN:292,componentWillUnmount
FN:312,handleMouseLeaveMenu
FN:330,handleMouseEnterRow
FNF:21
FNH:9
FNDA:7,_interopRequireDefault
FNDA:0,on
FNDA:0,(anonymous_3)
FNDA:0,off
FNDA:0,offset
FNDA:0,outerWidth
FNDA:0,outerHeight
FNDA:0,handleMouseMoveDocument
FNDA:0,getActivateDelay
FNDA:0,slope
FNDA:0,activate
FNDA:0,possiblyActivate
FNDA:0,(anonymous_13)
FNDA:1,(anonymous_14)
FNDA:0,ReactMenuAim
FNDA:0,initMenuAim
FNDA:0,__getMouseMoveDocumentHandler
FNDA:0,componentDidMount
FNDA:0,componentWillUnmount
FNDA:0,handleMouseLeaveMenu
FNDA:0,handleMouseEnterRow
DA:0,7
DA:9,1
DA:10,1
DA:20,1
DA:21,0
DA:22,0
DA:23,0
DA:24,0
DA:25,0
DA:30,1
DA:31,0
DA:32,0
DA:33,0
DA:34,0
DA:38,1
DA:39,0
DA:40,0
DA:46,0
DA:47,0
DA:53,1
DA:54,0
DA:55,0
DA:57,0
DA:58,0
DA:61,1
DA:62,0
DA:63,0
DA:65,0
DA:66,0
DA:76,1
DA:77,1
DA:80,1
DA:81,0
DA:86,0
DA:87,0
DA:91,1
DA:92,0
DA:93,0
DA:96,0
DA:97,0
DA:99,0
DA:100,0
DA:102,0
DA:106,0
DA:110,0
DA:114,0
DA:119,0
DA:120,0
DA:122,0
DA:123,0
DA:126,0
DA:127,0
DA:132,0
DA:135,0
DA:140,0
DA:142,0
DA:164,1
DA:165,0
DA:168,0
DA:169,0
DA:178,0
DA:179,0
DA:180,0
DA:181,0
DA:182,0
DA:183,0
DA:184,0
DA:185,0
DA:187,0
DA:188,0
DA:189,0
DA:190,0
DA:195,0
DA:196,0
DA:197,0
DA:200,0
DA:201,0
DA:207,1
DA:208,0
DA:211,1
DA:212,0
DA:214,0
DA:215,0
DA:216,0
DA:217,0
DA:220,0
DA:229,0
DA:233,0
DA:234,0
DA:237,0
DA:241,0
DA:242,0
DA:245,0
DA:249,0
DA:251,0
DA:252,0
DA:253,0
DA:256,0
DA:257,0
DA:258,0
DA:266,0
DA:267,0
DA:270,0
DA:271,0
DA:281,0
DA:282,0
DA:285,0
LF:107
LH:15
BRDA:35,1,0,5
BRDA:35,1,1,2
BRDA:35,2,0,7
BRDA:35,2,1,7
BRDA:55,3,0,0
BRDA:55,3,1,0
BRDA:57,4,0,0
BRDA:57,4,1,0
BRDA:59,5,0,0
BRDA:59,5,1,0
BRDA:65,6,0,0
BRDA:65,6,1,0
BRDA:67,7,0,0
BRDA:67,7,1,0
BRDA:73,8,0,0
BRDA:73,8,1,0
BRDA:89,9,0,0
BRDA:89,9,1,0
BRDA:91,10,0,0
BRDA:91,10,1,0
BRDA:97,11,0,0
BRDA:97,11,1,0
BRDA:99,12,0,0
BRDA:99,12,1,0
BRDA:120,13,0,0
BRDA:120,13,1,0
BRDA:126,14,0,0
BRDA:126,14,1,0
BRDA:130,15,0,0
BRDA:130,15,1,0
BRDA:130,16,0,0
BRDA:130,16,1,0
BRDA:133,17,0,0
BRDA:133,17,1,0
BRDA:138,18,0,0
BRDA:138,18,1,0
BRDA:146,19,0,0
BRDA:146,19,1,0
BRDA:156,20,0,0
BRDA:156,20,1,0
BRDA:160,21,0,0
BRDA:160,21,1,0
BRDA:166,22,0,0
BRDA:166,22,1,0
BRDA:166,23,0,0
BRDA:166,23,1,0
BRDA:166,23,2,0
BRDA:166,23,3,0
BRDA:172,24,0,0
BRDA:172,24,1,0
BRDA:172,25,0,0
BRDA:172,25,1,0
BRDA:172,25,2,0
BRDA:209,26,0,0
BRDA:209,26,1,0
BRDA:212,27,0,0
BRDA:212,27,1,0
BRDA:215,28,0,0
BRDA:215,28,1,0
BRDA:226,29,0,0
BRDA:226,29,1,0
BRDA:226,30,0,0
BRDA:226,30,1,0
BRDA:228,31,0,0
BRDA:228,31,1,0
BRDA:245,32,0,0
BRDA:245,32,1,0
BRDA:275,33,0,0
BRDA:275,33,1,0
BRDA:284,34,0,0
BRDA:284,34,1,0
BRDA:295,35,0,0
BRDA:295,35,1,0
BRDA:313,36,0,0
BRDA:313,36,1,0
BRDA:317,37,0,0
BRDA:317,37,1,0
BRDA:331,38,0,0
BRDA:331,38,1,0
BRF:79
BRH:4
end_of_record
TN:
SF:/Users/zhouxian/Desktop/web-app-zx/src/routes/Home/components/CategoryMenu/SubCategoryView/SubCategoryView.js
FN:33,_interopRequireDefault
FN:35,(anonymous_2)
FN:38,SubCategoryView
FN:51,render
FN:70,(anonymous_5)
FNF:5
FNH:3
FNDA:6,_interopRequireDefault
FNDA:1,(anonymous_2)
FNDA:0,SubCategoryView
FNDA:0,render
FNDA:0,(anonymous_5)
DA:0,6
DA:1,1
DA:2,1
DA:5,1
DA:7,0
DA:12,0
DA:20,0
DA:21,0
DA:34,1
LF:9
LH:5
BRDA:33,1,0,5
BRDA:33,1,1,1
BRDA:33,2,0,6
BRDA:33,2,1,6
BRDA:70,3,0,0
BRDA:70,3,1,0
BRF:6
BRH:4
end_of_record
TN:
SF:/Users/zhouxian/Desktop/web-app-zx/src/routes/Home/components/ServiceExpress/index.js
FN:11,_interopRequireDefault
FNF:1
FNH:1
FNDA:1,_interopRequireDefault
DA:0,1
DA:1,1
LF:2
LH:2
BRDA:11,1,0,1
BRDA:11,1,1,0
BRDA:11,2,0,1
BRDA:11,2,1,1
BRF:4
BRH:4
end_of_record
TN:
SF:/Users/zhouxian/Desktop/web-app-zx/src/routes/Home/components/ServiceExpress/ServiceExpress.js
FN:43,_interopRequireDefault
FN:45,(anonymous_2)
FN:48,ServiceExpress
FN:59,_bind
FN:66,(anonymous_5)
FN:72,render
FNF:6
FNH:4
FNDA:9,_interopRequireDefault
FNDA:1,(anonymous_2)
FNDA:0,ServiceExpress
FNDA:0,_bind
FNDA:0,(anonymous_5)
FNDA:0,render
DA:0,9
DA:1,1
DA:2,1
DA:3,1
DA:4,1
DA:6,1
DA:8,0
DA:10,0
DA:11,0
DA:12,0
DA:16,0
DA:38,1
LF:12
LH:7
BRDA:43,1,0,6
BRDA:43,1,1,3
BRDA:43,2,0,9
BRDA:43,2,1,9
BRF:4
BRH:4
end_of_record
TN:
SF:/Users/zhouxian/Desktop/web-app-zx/src/routes/Home/components/ServiceExpressDisplay/index.js
FN:11,_interopRequireDefault
FNF:1
FNH:1
FNDA:1,_interopRequireDefault
DA:0,1
DA:1,1
LF:2
LH:2
BRDA:11,1,0,1
BRDA:11,1,1,0
BRDA:11,2,0,1
BRDA:11,2,1,1
BRF:4
BRH:4
end_of_record
TN:
SF:/Users/zhouxian/Desktop/web-app-zx/src/routes/Home/components/ServiceExpressDisplay/ServiceExpressDisplay.js
FN:39,_interopRequireDefault
FN:41,(anonymous_2)
FN:44,ServiceExpressDisplay
FN:56,_bind
FN:63,(anonymous_5)
FN:69,render
FN:189,_onService
FNF:7
FNH:5
FNDA:8,_interopRequireDefault
FNDA:1,(anonymous_2)
FNDA:0,ServiceExpressDisplay
FNDA:0,_bind
FNDA:0,(anonymous_5)
FNDA:0,render
FNDA:0,_onService
DA:0,8
DA:1,1
DA:2,1
DA:3,1
DA:5,1
DA:7,0
DA:8,0
DA:10,0
DA:11,0
DA:12,0
DA:16,0
DA:36,1
LF:12
LH:6
BRDA:39,1,0,5
BRDA:39,1,1,3
BRDA:39,2,0,8
BRDA:39,2,1,8
BRF:4
BRH:4
end_of_record
TN:
SF:/Users/zhouxian/Desktop/web-app-zx/src/routes/Home/components/TodayRecommended/index.js
FN:11,_interopRequireDefault
FNF:1
FNH:1
FNDA:1,_interopRequireDefault
DA:0,1
DA:1,1
LF:2
LH:2
BRDA:11,1,0,1
BRDA:11,1,1,0
BRDA:11,2,0,1
BRDA:11,2,1,1
BRF:4
BRH:4
end_of_record
TN:
SF:/Users/zhouxian/Desktop/web-app-zx/src/routes/Home/components/TodayRecommended/TodayRecommended.js
FN:47,_interopRequireDefault
FN:49,(anonymous_2)
FN:52,TodayRecommended
FN:63,render
FNF:4
FNH:3
FNDA:10,_interopRequireDefault
FNDA:1,(anonymous_2)
FNDA:0,TodayRecommended
FNDA:0,render
DA:0,10
DA:1,1
DA:2,1
DA:3,1
DA:4,1
DA:5,1
DA:7,1
DA:9,0
DA:12,0
DA:30,1
LF:10
LH:8
BRDA:47,1,0,5
BRDA:47,1,1,5
BRDA:47,2,0,10
BRDA:47,2,1,10
BRF:4
BRH:4
end_of_record
TN:
SF:/Users/zhouxian/Desktop/web-app-zx/src/routes/Home/components/ServiceTypeModule/index.js
FN:11,_interopRequireDefault
FNF:1
FNH:1
FNDA:1,_interopRequireDefault
DA:0,1
DA:1,1
LF:2
LH:2
BRDA:11,1,0,1
BRDA:11,1,1,0
BRDA:11,2,0,1
BRDA:11,2,1,1
BRF:4
BRH:4
end_of_record
TN:
SF:/Users/zhouxian/Desktop/web-app-zx/src/routes/Home/components/ServiceTypeModule/ServiceTypeModule.js
FN:47,_interopRequireDefault
FN:49,(anonymous_2)
FN:52,ServiceTypeModule
FN:64,_bind
FN:71,(anonymous_5)
FN:77,render
FN:141,_onJump
FNF:7
FNH:5
FNDA:10,_interopRequireDefault
FNDA:1,(anonymous_2)
FNDA:0,ServiceTypeModule
FNDA:0,_bind
FNDA:0,(anonymous_5)
FNDA:0,render
FNDA:0,_onJump
DA:0,10
DA:1,1
DA:2,1
DA:3,1
DA:4,1
DA:5,1
DA:7,1
DA:9,0
DA:10,0
DA:12,0
DA:13,0
DA:14,0
DA:18,0
DA:47,1
LF:14
LH:8
BRDA:47,1,0,6
BRDA:47,1,1,4
BRDA:47,2,0,10
BRDA:47,2,1,10
BRF:4
BRH:4
end_of_record
TN:
SF:/Users/zhouxian/Desktop/web-app-zx/src/routes/Home/components/ServiceTypeModuleDisplay/index.js
FN:11,_interopRequireDefault
FNF:1
FNH:1
FNDA:1,_interopRequireDefault
DA:0,1
DA:1,1
LF:2
LH:2
BRDA:11,1,0,1
BRDA:11,1,1,0
BRDA:11,2,0,1
BRDA:11,2,1,1
BRF:4
BRH:4
end_of_record
TN:
SF:/Users/zhouxian/Desktop/web-app-zx/src/routes/Home/components/ServiceTypeModuleDisplay/ServiceTypeModuleDisplay.js
FN:35,_interopRequireDefault
FN:37,(anonymous_2)
FN:40,ServiceTypeModuleDisplay
FN:51,render
FN:62,componentDidMount
FNF:5
FNH:4
FNDA:7,_interopRequireDefault
FNDA:1,(anonymous_2)
FNDA:0,ServiceTypeModuleDisplay
FNDA:0,render
FNDA:0,componentDidMount
DA:0,7
DA:1,1
DA:2,1
DA:4,1
DA:6,0
DA:9,0
DA:20,1
LF:7
LH:5
BRDA:35,1,0,6
BRDA:35,1,1,1
BRDA:35,2,0,7
BRDA:35,2,1,7
BRF:4
BRH:4
end_of_record
TN:
SF:/Users/zhouxian/Desktop/web-app-zx/src/routes/Home/components/HomeServiceDisplayCell/index.js
FN:11,_interopRequireDefault
FNF:1
FNH:1
FNDA:1,_interopRequireDefault
DA:0,1
DA:1,1
LF:2
LH:2
BRDA:11,1,0,1
BRDA:11,1,1,0
BRDA:11,2,0,1
BRDA:11,2,1,1
BRF:4
BRH:4
end_of_record
TN:
SF:/Users/zhouxian/Desktop/web-app-zx/src/routes/Home/components/HomeServiceDisplayCell/HomeServiceDisplayCell.js
FN:43,_interopRequireDefault
FN:45,(anonymous_2)
FN:48,HomeServiceDisplayCell
FN:60,_bind
FN:67,(anonymous_5)
FN:73,render
FN:216,_onMore
FNF:7
FNH:5
FNDA:9,_interopRequireDefault
FNDA:1,(anonymous_2)
FNDA:0,HomeServiceDisplayCell
FNDA:0,_bind
FNDA:0,(anonymous_5)
FNDA:0,render
FNDA:0,_onMore
DA:0,9
DA:1,1
DA:2,1
DA:3,1
DA:4,1
DA:6,1
DA:8,0
DA:9,0
DA:11,0
DA:12,0
DA:13,0
DA:17,0
DA:78,1
LF:13
LH:7
BRDA:43,1,0,5
BRDA:43,1,1,4
BRDA:43,2,0,9
BRDA:43,2,1,9
BRF:4
BRH:4
end_of_record
TN:
SF:/Users/zhouxian/Desktop/web-app-zx/src/routes/SearchModule/index.js
FN:11,_interopRequireDefault
FNF:1
FNH:1
FNDA:1,_interopRequireDefault
DA:0,1
DA:1,1
LF:2
LH:2
BRDA:11,1,0,1
BRDA:11,1,1,0
BRDA:11,2,0,1
BRDA:11,2,1,1
BRF:4
BRH:4
end_of_record
TN:
SF:/Users/zhouxian/Desktop/web-app-zx/src/routes/SearchModule/SearchModule.js
FN:43,_interopRequireDefault
FN:45,(anonymous_2)
FN:48,SearchModule
FN:60,_bind
FN:67,(anonymous_5)
FN:73,render
FN:102,_onChange
FNF:7
FNH:5
FNDA:9,_interopRequireDefault
FNDA:1,(anonymous_2)
FNDA:0,SearchModule
FNDA:0,_bind
FNDA:0,(anonymous_5)
FNDA:0,render
FNDA:0,_onChange
DA:0,9
DA:1,1
DA:2,1
DA:3,1
DA:4,1
DA:6,1
DA:8,0
DA:10,0
DA:12,0
DA:13,0
DA:14,0
DA:18,0
DA:37,1
LF:13
LH:7
BRDA:43,1,0,5
BRDA:43,1,1,4
BRDA:43,2,0,9
BRDA:43,2,1,9
BRF:4
BRH:4
end_of_record
TN:
SF:/Users/zhouxian/Desktop/web-app-zx/src/routes/Home/modules/home.js
FN:21,_interopRequireDefault
FN:30,getHomeProductCategoriesRequest
FN:34,getHomeProductCategoriesSuccess
FN:41,getHomeProductCategoriesFailure
FN:48,getHomeProductCategories
FN:49,(anonymous_6)
FN:51,(anonymous_7)
FN:53,(anonymous_8)
FN:70,homeReducer
FNF:9
FNH:1
FNDA:2,_interopRequireDefault
FNDA:0,getHomeProductCategoriesRequest
FNDA:0,getHomeProductCategoriesSuccess
FNDA:0,getHomeProductCategoriesFailure
FNDA:0,getHomeProductCategories
FNDA:0,(anonymous_6)
FNDA:0,(anonymous_7)
FNDA:0,(anonymous_8)
FNDA:0,homeReducer
DA:0,2
DA:1,1
DA:3,1
DA:5,1
DA:8,1
DA:9,1
DA:10,1
DA:12,1
DA:13,0
DA:16,1
DA:17,0
DA:23,1
DA:24,0
DA:30,1
DA:31,0
DA:32,0
DA:33,0
DA:35,0
DA:37,0
DA:42,1
DA:46,1
DA:51,1
DA:53,1
DA:54,0
DA:56,0
DA:58,0
DA:61,0
DA:62,0
DA:63,0
DA:67,0
DA:69,0
LF:31
LH:15
BRDA:21,1,0,1
BRDA:21,1,1,1
BRDA:21,2,0,2
BRDA:21,2,1,2
BRDA:71,3,0,0
BRDA:71,3,1,0
BRDA:71,4,0,0
BRDA:71,4,1,0
BRDA:74,5,0,0
BRDA:74,5,1,0
BRDA:76,6,0,0
BRDA:76,6,1,0
BRDA:76,6,2,0
BRDA:81,7,0,0
BRDA:81,7,1,0
BRF:15
BRH:4
end_of_record
TN:
SF:/Users/zhouxian/Desktop/web-app-zx/src/routes/Home/index.js
FN:11,_interopRequireDefault
FNF:1
FNH:1
FNDA:1,_interopRequireDefault
DA:0,1
DA:1,1
LF:2
LH:2
BRDA:11,1,0,1
BRDA:11,1,1,0
BRDA:11,2,0,1
BRDA:11,2,1,1
BRF:4
BRH:4
end_of_record
TN:
SF:/Users/zhouxian/Desktop/web-app-zx/src/api/index.js
FN:11,_interopRequireDefault
FNF:1
FNH:1
FNDA:1,_interopRequireDefault
DA:0,1
DA:1,1
LF:2
LH:2
BRDA:11,1,0,1
BRDA:11,1,1,0
BRDA:11,2,0,1
BRDA:11,2,1,1
BRF:4
BRH:4
end_of_record
TN:
SF:/Users/zhouxian/Desktop/web-app-zx/src/api/products/one/reviews/index.js
FN:29,_interopRequireDefault
FN:31,(anonymous_2)
FN:32,ProductReviews
FN:41,(anonymous_4)
FN:42,_callee
FN:43,_callee$
FN:61,get
FN:69,(anonymous_8)
FN:70,_callee2
FN:71,_callee2$
FN:89,create
FNF:11
FNH:10
FNDA:5,_interopRequireDefault
FNDA:1,(anonymous_2)
FNDA:0,ProductReviews
FNDA:1,(anonymous_4)
FNDA:0,_callee
FNDA:0,_callee$
FNDA:0,get
FNDA:1,(anonymous_8)
FNDA:0,_callee2
FNDA:0,_callee2$
FNDA:0,create
DA:0,5
DA:1,1
DA:2,1
DA:5,1
DA:6,0
LF:5
LH:4
BRDA:29,1,0,5
BRDA:29,1,1,0
BRDA:29,2,0,5
BRDA:29,2,1,5
BRDA:45,3,0,0
BRDA:45,3,1,0
BRDA:45,3,2,0
BRDA:45,3,3,0
BRDA:73,4,0,0
BRDA:73,4,1,0
BRDA:73,4,2,0
BRDA:73,4,3,0
BRF:12
BRH:12
end_of_record
TN:
SF:/Users/zhouxian/Desktop/web-app-zx/src/components/Counter/Counter.js
FN:16,_interopRequireDefault
FN:18,Counter
FNF:2
FNH:1
FNDA:2,_interopRequireDefault
FNDA:0,Counter
DA:0,2
DA:1,1
DA:2,1
DA:4,1
DA:23,1
LF:5
LH:5
BRDA:16,1,0,0
BRDA:16,1,1,2
BRDA:16,2,0,2
BRDA:16,2,1,2
BRF:4
BRH:4
end_of_record
TN:
SF:/Users/zhouxian/Desktop/web-app-zx/src/components/Counter/index.js
FN:11,_interopRequireDefault
FNF:1
FNH:1
FNDA:1,_interopRequireDefault
DA:0,1
DA:1,1
LF:2
LH:2
BRDA:11,1,0,1
BRDA:11,1,1,0
BRDA:11,2,0,1
BRDA:11,2,1,1
BRF:4
BRH:4
end_of_record
TN:
SF:/Users/zhouxian/Desktop/web-app-zx/src/containers/AppContainer.js
FN:39,_interopRequireDefault
FN:41,(anonymous_2)
FN:44,AppContainer
FN:51,componentWillMount
FN:56,render
FNF:5
FNH:5
FNDA:7,_interopRequireDefault
FNDA:1,(anonymous_2)
FNDA:0,AppContainer
FNDA:0,componentWillMount
FNDA:0,render
DA:0,7
DA:1,1
DA:2,1
DA:3,1
DA:5,1
DA:16,0
DA:19,0
DA:21,0
LF:8
LH:5
BRDA:39,1,0,6
BRDA:39,1,1,1
BRDA:39,2,0,7
BRDA:39,2,1,7
BRF:4
BRH:4
end_of_record
TN:
SF:/Users/zhouxian/Desktop/web-app-zx/src/layouts/CoreLayout/index.js
FN:11,_interopRequireDefault
FNF:1
FNH:1
FNDA:1,_interopRequireDefault
DA:0,1
DA:1,1
LF:2
LH:2
BRDA:11,1,0,1
BRDA:11,1,1,0
BRDA:11,2,0,1
BRDA:11,2,1,1
BRF:4
BRH:4
end_of_record
TN:
SF:/Users/zhouxian/Desktop/web-app-zx/src/routes/Auth/containers/AuthContainer.js
FN:35,_interopRequireDefault
FN:37,mapStateToProps
FN:41,mapDispatchToProps
FN:48,(anonymous_4)
FN:51,Auth
FN:62,render
FNF:6
FNH:3
FNDA:6,_interopRequireDefault
FNDA:0,mapStateToProps
FNDA:0,mapDispatchToProps
FNDA:1,(anonymous_4)
FNDA:0,Auth
FNDA:0,render
DA:0,6
DA:1,1
DA:2,1
DA:3,1
DA:5,1
DA:6,0
DA:10,1
DA:11,0
DA:18,1
DA:20,0
DA:24,0
DA:32,1
LF:12
LH:8
BRDA:35,1,0,5
BRDA:35,1,1,1
BRDA:35,2,0,6
BRDA:35,2,1,6
BRF:4
BRH:4
end_of_record
TN:
SF:/Users/zhouxian/Desktop/web-app-zx/src/routes/Auth/index.js
FN:11,(anonymous_1)
FN:15,getComponent
FN:18,(anonymous_3)
FN:29,getChildRoutes
FN:30,(anonymous_5)
FNF:5
FNH:0
FNDA:0,(anonymous_1)
FNDA:0,getComponent
FNDA:0,(anonymous_3)
FNDA:0,getChildRoutes
FNDA:0,(anonymous_5)
DA:0,1
DA:1,1
DA:2,1
DA:5,0
DA:11,0
DA:14,0
DA:17,0
DA:24,0
DA:25,0
DA:27,0
LF:10
LH:3
BRF:0
BRH:0
end_of_record
TN:
SF:/Users/zhouxian/Desktop/web-app-zx/src/store/reducers.js
FN:26,_interopRequireDefault
FN:28,makeRootReducer
FN:37,injectReducer
FNF:3
FNH:1
FNDA:4,_interopRequireDefault
FNDA:0,makeRootReducer
FNDA:0,injectReducer
DA:0,4
DA:1,1
DA:2,1
DA:3,1
DA:4,1
DA:6,1
DA:7,0
DA:16,1
DA:17,0
DA:18,0
LF:10
LH:7
BRDA:26,1,0,4
BRDA:26,1,1,0
BRDA:26,2,0,4
BRDA:26,2,1,4
BRF:4
BRH:4
end_of_record
TN:
SF:/Users/zhouxian/Desktop/web-app-zx/src/store/routerReducer.js
FN:13,_interopRequireDefault
FN:21,(anonymous_2)
FNF:2
FNH:1
FNDA:1,_interopRequireDefault
FNDA:0,(anonymous_2)
DA:0,1
DA:1,1
DA:2,1
DA:6,1
DA:8,1
DA:12,0
DA:13,0
DA:14,0
DA:19,0
LF:9
LH:5
BRDA:13,1,0,0
BRDA:13,1,1,1
BRDA:13,2,0,1
BRDA:13,2,1,1
BRDA:22,3,0,0
BRDA:22,3,1,0
BRDA:22,4,0,0
BRDA:22,4,1,0
BRDA:25,5,0,0
BRDA:25,5,1,0
BRF:10
BRH:4
end_of_record
TN:
SF:/Users/zhouxian/Desktop/web-app-zx/src/routes/Auth/modules/auth.js
FN:15,_interopRequireDefault
FN:25,loginUser
FN:26,(anonymous_3)
FN:28,(anonymous_4)
FN:30,(anonymous_5)
FN:48,authReducer
FNF:6
FNH:1
FNDA:1,_interopRequireDefault
FNDA:0,loginUser
FNDA:0,(anonymous_3)
FNDA:0,(anonymous_4)
FNDA:0,(anonymous_5)
FNDA:0,authReducer
DA:0,1
DA:1,1
DA:3,1
DA:5,1
DA:8,1
DA:9,1
DA:10,1
DA:13,1
DA:14,0
DA:15,0
DA:17,0
DA:20,0
DA:24,1
DA:29,1
DA:34,1
DA:36,1
DA:37,0
DA:39,0
DA:41,0
DA:43,0
DA:45,0
DA:49,0
LF:22
LH:12
BRDA:15,1,0,1
BRDA:15,1,1,0
BRDA:15,2,0,1
BRDA:15,2,1,1
BRDA:49,3,0,0
BRDA:49,3,1,0
BRDA:49,4,0,0
BRDA:49,4,1,0
BRDA:52,5,0,0
BRDA:52,5,1,0
BRDA:54,6,0,0
BRDA:54,6,1,0
BRDA:54,6,2,0
BRF:13
BRH:4
end_of_record
TN:
SF:/Users/zhouxian/Desktop/web-app-zx/src/routes/Auth/routes/Login/containers/LoginContainer.js
FN:37,_interopRequireDefault
FN:39,mapStateToProps
FN:46,mapDispatchToProps
FN:53,(anonymous_4)
FN:56,Login
FN:70,componentDidMount
FN:73,handleUsernameChange
FN:78,handlePasswordChange
FN:83,handleLoginClick
FN:90,render
FNF:10
FNH:7
FNDA:6,_interopRequireDefault
FNDA:0,mapStateToProps
FNDA:0,mapDispatchToProps
FNDA:1,(anonymous_4)
FNDA:0,Login
FNDA:0,componentDidMount
FNDA:0,handleUsernameChange
FNDA:0,handlePasswordChange
FNDA:0,handleLoginClick
FNDA:0,render
DA:0,6
DA:1,1
DA:2,1
DA:3,1
DA:5,1
DA:7,1
DA:8,0
DA:14,1
DA:15,0
DA:22,1
DA:24,0
DA:34,0
DA:38,0
DA:42,0
DA:43,0
DA:48,0
DA:93,1
LF:17
LH:9
BRDA:37,1,0,5
BRDA:37,1,1,1
BRDA:37,2,0,6
BRDA:37,2,1,6
BRDA:84,3,0,0
BRDA:84,3,1,0
BRDA:84,4,0,0
BRDA:84,4,1,0
BRF:8
BRH:4
end_of_record
TN:
SF:/Users/zhouxian/Desktop/web-app-zx/src/routes/Auth/routes/Login/index.js
FN:7,(anonymous_1)
FN:11,getComponent
FN:14,(anonymous_3)
FNF:3
FNH:0
FNDA:0,(anonymous_1)
FNDA:0,getComponent
FNDA:0,(anonymous_3)
DA:0,1
DA:1,0
DA:7,0
DA:10,0
DA:13,0
LF:5
LH:1
BRF:0
BRH:0
end_of_record
TN:
SF:/Users/zhouxian/Desktop/web-app-zx/src/routes/Counter/containers/CounterContainer.js
FN:15,_interopRequireDefault
FN:22,increment
FN:33,mapStateToProps
FNF:3
FNH:1
FNDA:1,_interopRequireDefault
FNDA:0,increment
FNDA:0,mapStateToProps
DA:0,1
DA:1,1
DA:2,1
DA:9,1
DA:15,1
DA:16,0
DA:20,1
DA:21,0
LF:8
LH:6
BRDA:15,1,0,1
BRDA:15,1,1,0
BRDA:15,2,0,1
BRDA:15,2,1,1
BRF:4
BRH:4
end_of_record
TN:
SF:/Users/zhouxian/Desktop/web-app-zx/src/routes/Counter/modules/counter.js
FN:21,_interopRequireDefault
FN:31,increment
FN:48,doubleAsync
FN:49,(anonymous_4)
FN:50,(anonymous_5)
FN:51,(anonymous_6)
FN:67,(anonymous_7)
FN:78,counterReducer
FNF:8
FNH:1
FNDA:2,_interopRequireDefault
FNDA:0,increment
FNDA:0,doubleAsync
FNDA:0,(anonymous_4)
FNDA:0,(anonymous_5)
FNDA:0,(anonymous_6)
FNDA:0,(anonymous_7)
FNDA:0,counterReducer
DA:0,2
DA:1,1
DA:5,1
DA:10,1
DA:11,0
DA:25,1
DA:26,0
DA:27,0
DA:28,0
DA:29,0
DA:30,0
DA:36,1
DA:44,1
DA:46,0
DA:53,1
DA:56,1
DA:57,1
DA:58,0
DA:59,0
DA:61,0
LF:20
LH:10
BRDA:21,1,0,2
BRDA:21,1,1,0
BRDA:21,2,0,2
BRDA:21,2,1,2
BRDA:32,3,0,0
BRDA:32,3,1,0
BRDA:32,4,0,0
BRDA:32,4,1,0
BRDA:79,5,0,0
BRDA:79,5,1,0
BRDA:79,6,0,0
BRDA:79,6,1,0
BRDA:82,7,0,0
BRDA:82,7,1,0
BRDA:85,8,0,0
BRDA:85,8,1,0
BRF:16
BRH:4
end_of_record
TN:
SF:/Users/zhouxian/Desktop/web-app-zx/src/routes/Counter/index.js
FN:9,(anonymous_1)
FN:13,getComponent
FN:16,(anonymous_3)
FNF:3
FNH:0
FNDA:0,(anonymous_1)
FNDA:0,getComponent
FNDA:0,(anonymous_3)
DA:0,1
DA:1,1
DA:3,0
DA:9,0
DA:12,0
DA:13,0
DA:16,0
DA:19,0
LF:8
LH:2
BRF:0
BRH:0
end_of_record
TN:
SF:/Users/zhouxian/Desktop/web-app-zx/src/routes/Home/modules/ServiceData.js
FNF:0
FNH:0
DA:0,1
LF:1
LH:1
BRF:0
BRH:0
end_of_record
TN:
SF:/Users/zhouxian/Desktop/web-app-zx/src/routes/Home/modules/serviceDisplay.js
FN:25,_interopRequireDefault
FN:40,getServiceDisplayRequest
FN:43,getServiceDisplaySuccess
FN:49,getServiceDisplayFailure
FN:55,getServiceDisplay
FN:56,(anonymous_6)
FN:58,(anonymous_7)
FN:60,(anonymous_8)
FN:74,ServiceDisplayReducer
FNF:9
FNH:1
FNDA:3,_interopRequireDefault
FNDA:0,getServiceDisplayRequest
FNDA:0,getServiceDisplaySuccess
FNDA:0,getServiceDisplayFailure
FNDA:0,getServiceDisplay
FNDA:0,(anonymous_6)
FNDA:0,(anonymous_7)
FNDA:0,(anonymous_8)
FNDA:0,ServiceDisplayReducer
DA:0,3
DA:1,1
DA:2,1
DA:3,1
DA:4,1
DA:9,1
DA:10,1
DA:11,1
DA:16,1
DA:17,0
DA:19,1
DA:20,0
DA:25,1
DA:26,0
DA:31,1
DA:32,0
DA:33,0
DA:34,0
DA:36,0
DA:38,0
DA:43,1
DA:46,1
DA:50,1
DA:51,1
DA:52,0
DA:53,0
DA:55,0
DA:57,0
DA:58,0
DA:60,0
DA:62,0
LF:31
LH:16
BRDA:25,1,0,2
BRDA:25,1,1,1
BRDA:25,2,0,3
BRDA:25,2,1,3
BRDA:75,3,0,0
BRDA:75,3,1,0
BRDA:75,4,0,0
BRDA:75,4,1,0
BRDA:78,5,0,0
BRDA:78,5,1,0
BRDA:79,6,0,0
BRDA:79,6,1,0
BRDA:79,6,2,0
BRF:13
BRH:4
end_of_record
TN:
SF:/Users/zhouxian/Desktop/web-app-zx/src/routes/Messages/container/MessagesContainer.js
FN:39,_interopRequireDefault
FN:44,mapStateToProps
FN:49,mapDispatchToProps
FN:52,(anonymous_4)
FN:61,(anonymous_5)
FN:64,MessagesContainer
FN:69,(anonymous_7)
FN:80,render
FN:87,(anonymous_9)
FNF:9
FNH:3
FNDA:6,_interopRequireDefault
FNDA:0,mapStateToProps
FNDA:0,mapDispatchToProps
FNDA:0,(anonymous_4)
FNDA:1,(anonymous_5)
FNDA:0,MessagesContainer
FNDA:0,(anonymous_7)
FNDA:0,render
FNDA:0,(anonymous_9)
DA:0,6
DA:1,1
DA:2,1
DA:3,1
DA:4,1
DA:6,1
DA:9,1
DA:11,1
DA:12,0
DA:16,1
DA:17,0
DA:19,0
DA:21,0
DA:27,1
DA:29,0
DA:32,0
DA:38,0
DA:42,0
DA:43,0
DA:55,0
DA:84,1
DA:87,1
LF:22
LH:12
BRDA:39,1,0,5
BRDA:39,1,1,1
BRDA:39,2,0,6
BRDA:39,2,1,6
BRDA:88,3,0,0
BRDA:88,3,1,0
BRF:6
BRH:4
end_of_record
TN:
SF:/Users/zhouxian/Desktop/web-app-zx/src/routes/Messages/index.js
FN:13,_interopRequireDefault
FN:15,(anonymous_2)
FN:19,getComponent
FN:20,(anonymous_4)
FNF:4
FNH:1
FNDA:1,_interopRequireDefault
FNDA:0,(anonymous_2)
FNDA:0,getComponent
FNDA:0,(anonymous_4)
DA:0,1
DA:1,1
DA:3,1
DA:6,0
DA:9,0
DA:10,0
DA:11,0
DA:12,0
DA:13,0
LF:9
LH:3
BRDA:13,1,0,1
BRDA:13,1,1,0
BRDA:13,2,0,1
BRDA:13,2,1,1
BRF:4
BRH:4
end_of_record
TN:
SF:/Users/zhouxian/Desktop/web-app-zx/src/routes/Messages/moudules/Messages.js
FN:16,_interopRequireDefault
FN:25,messagesReducer
FNF:2
FNH:1
FNDA:2,_interopRequireDefault
FNDA:0,messagesReducer
DA:0,2
DA:1,1
DA:3,1
DA:5,1
DA:8,1
DA:10,1
DA:12,1
DA:13,0
DA:14,0
LF:9
LH:7
BRDA:16,1,0,1
BRDA:16,1,1,1
BRDA:16,2,0,2
BRDA:16,2,1,2
BRDA:26,3,0,0
BRDA:26,3,1,0
BRDA:26,4,0,0
BRDA:26,4,1,0
BRDA:29,5,0,0
BRDA:29,5,1,0
BRF:10
BRH:4
end_of_record
TN:
[...]
DA:71,0
DA:74,0
DA:78,0
DA:86,0
DA:90,0
DA:93,0
DA:96,0
DA:175,1
LF:44
LH:16
BRDA:57,1,0,7
BRDA:57,1,1,3
BRDA:57,2,0,10
BRDA:57,2,1,10
BRDA:88,3,0,0
BRDA:88,3,1,0
BRDA:88,3,2,0
BRDA:88,3,3,0
BRDA:203,4,0,0
BRDA:203,4,1,0
BRDA:212,5,0,0
BRDA:212,5,1,0
BRF:12
BRH:4
end_of_record
TN:
SF:/Users/zhouxian/Desktop/web-app-zx/src/routes/Providers/routes/One/routes/Admin/routes/Products/routes/ProductList/components/ServiceListCell/ServiceListCell.js
FN:51,_interopRequireDefault
FN:55,(anonymous_2)
FN:58,ServiceListCell
FN:71,render
FNF:4
FNH:3
FNDA:11,_interopRequireDefault
FNDA:1,(anonymous_2)
FNDA:0,ServiceListCell
FNDA:0,render
DA:0,11
DA:1,1
DA:2,1
DA:4,1
DA:6,1
DA:7,1
DA:9,1
DA:11,0
DA:18,0
DA:19,0
DA:20,0
DA:21,0
DA:22,0
DA:23,0
DA:24,0
DA:27,0
DA:28,0
DA:29,0
DA:30,0
DA:32,0
DA:34,0
DA:65,1
LF:22
LH:8
BRDA:51,1,0,7
BRDA:51,1,1,4
BRDA:51,2,0,11
BRDA:51,2,1,11
BRDA:77,3,0,0
BRDA:77,3,1,0
BRDA:83,4,0,0
BRDA:83,4,1,0
BRDA:130,5,0,0
BRDA:130,5,1,0
BRDA:132,6,0,0
BRDA:132,6,1,0
BRDA:150,7,0,0
BRDA:150,7,1,0
BRDA:155,8,0,0
BRDA:155,8,1,0
BRF:16
BRH:4
end_of_record
TN:
SF:/Users/zhouxian/Desktop/web-app-zx/src/routes/Providers/routes/One/routes/Admin/routes/Products/module/ProductManagementReducer.js
FN:12,_interopRequireDefault
FN:19,productManagementReducer
FNF:2
FNH:1
FNDA:1,_interopRequireDefault
FNDA:0,productManagementReducer
DA:0,1
DA:1,1
DA:2,1
DA:6,1
DA:7,1
DA:8,0
DA:9,0
LF:7
LH:5
BRDA:12,1,0,0
BRDA:12,1,1,1
BRDA:12,2,0,1
BRDA:12,2,1,1
BRDA:20,3,0,0
BRDA:20,3,1,0
BRDA:20,4,0,0
BRDA:20,4,1,0
BRDA:23,5,0,0
BRDA:23,5,1,0
BRF:10
BRH:4
end_of_record
TN:
SF:/Users/zhouxian/Desktop/web-app-zx/src/routes/Providers/routes/One/routes/Admin/routes/Products/routes/NewProduct/components/Cascader/Cascader.js
FN:45,_interopRequireDefault
FN:47,(anonymous_2)
FN:50,Cascader
FN:55,(anonymous_4)
FN:58,(anonymous_5)
FN:80,render
FN:133,(anonymous_7)
FN:151,(anonymous_8)
FN:169,(anonymous_9)
FN:187,(anonymous_10)
FNF:10
FNH:3
FNDA:9,_interopRequireDefault
FNDA:1,(anonymous_2)
FNDA:0,Cascader
FNDA:0,(anonymous_4)
FNDA:0,(anonymous_5)
FNDA:0,render
FNDA:0,(anonymous_7)
FNDA:0,(anonymous_8)
FNDA:0,(anonymous_9)
FNDA:0,(anonymous_10)
DA:0,9
DA:1,1
DA:2,1
DA:3,1
DA:4,1
DA:5,1
DA:7,1
DA:9,0
DA:18,0
DA:19,0
DA:20,0
DA:21,0
DA:22,0
DA:25,0
DA:26,0
DA:30,0
DA:37,0
DA:38,0
DA:39,0
DA:40,0
DA:41,0
DA:43,0
DA:44,0
DA:47,0
DA:48,0
DA:49,0
DA:50,0
DA:51,0
DA:52,0
DA:53,0
DA:55,0
DA:56,0
DA:60,0
DA:61,0
DA:62,0
DA:63,0
DA:64,0
DA:65,0
DA:66,0
DA:68,0
DA:69,0
DA:73,0
DA:76,0
DA:81,0
DA:82,0
DA:83,0
DA:84,0
DA:86,0
DA:88,0
DA:99,0
DA:100,0
DA:101,0
DA:102,0
DA:104,0
DA:106,0
DA:119,0
DA:120,0
DA:121,0
DA:122,0
DA:124,0
DA:126,0
DA:139,0
DA:140,0
DA:141,0
DA:142,0
DA:144,0
DA:146,0
DA:158,1
DA:161,1
LF:69
LH:9
BRDA:45,1,0,6
BRDA:45,1,1,3
BRDA:45,2,0,9
BRDA:45,2,1,9
BRDA:59,3,0,0
BRDA:59,3,1,0
BRDA:88,4,0,0
BRDA:88,4,1,0
BRDA:92,5,0,0
BRDA:92,5,1,0
BRDA:98,6,0,0
BRDA:98,6,1,0
BRDA:100,7,0,0
BRDA:100,7,1,0
BRDA:104,8,0,0
BRDA:104,8,1,0
BRDA:111,9,0,0
BRDA:111,9,1,0
BRDA:113,10,0,0
BRDA:113,10,1,0
BRDA:117,11,0,0
BRDA:117,11,1,0
BRDA:136,12,0,0
BRDA:136,12,1,0
BRDA:148,13,0,0
BRDA:148,13,1,0
BRDA:148,14,0,0
BRDA:148,14,1,0
BRDA:154,15,0,0
BRDA:154,15,1,0
BRDA:166,16,0,0
BRDA:166,16,1,0
BRDA:166,17,0,0
BRDA:166,17,1,0
BRDA:172,18,0,0
BRDA:172,18,1,0
BRDA:184,19,0,0
BRDA:184,19,1,0
BRDA:184,20,0,0
BRDA:184,20,1,0
BRDA:190,21,0,0
BRDA:190,21,1,0
BRF:42
BRH:4
end_of_record
TN:
SF:/Users/zhouxian/Desktop/web-app-zx/src/routes/Providers/routes/One/routes/Admin/routes/Products/routes/NewProduct/components/Cascader/Menu.js
FN:39,_interopRequireDefault
FN:41,(anonymous_2)
FN:44,Menu
FN:56,render
FN:77,_onClick
FNF:5
FNH:4
FNDA:8,_interopRequireDefault
FNDA:1,(anonymous_2)
FNDA:0,Menu
FNDA:0,render
FNDA:0,_onClick
DA:0,8
DA:1,1
DA:2,1
DA:3,1
DA:5,1
DA:7,0
DA:9,0
DA:21,0
DA:22,0
DA:23,0
DA:25,0
DA:27,0
DA:34,0
LF:13
LH:5
BRDA:39,1,0,5
BRDA:39,1,1,3
BRDA:39,2,0,8
BRDA:39,2,1,8
BRDA:58,3,0,0
BRDA:58,3,1,0
BRF:6
BRH:4
end_of_record
TN:
SF:/Users/zhouxian/Desktop/web-app-zx/src/routes/Providers/routes/One/routes/Admin/routes/Products/routes/NewProduct/components/CategoryMenu/CategoryMenuCreating.js
FN:41,_interopRequireDefault
FN:43,(anonymous_2)
FN:46,CategoryMenuCreating
FN:61,_bind
FN:68,(anonymous_5)
FN:74,componentWillMount
FN:84,handleSwitchMenuIndex
FN:91,resetActiveMenuIndex
FN:98,render
FN:116,(anonymous_10)
FN:145,(anonymous_11)
FNF:11
FNH:7
FNDA:8,_interopRequireDefault
FNDA:1,(anonymous_2)
FNDA:0,CategoryMenuCreating
FNDA:0,_bind
FNDA:0,(anonymous_5)
FNDA:0,componentWillMount
FNDA:0,handleSwitchMenuIndex
FNDA:0,resetActiveMenuIndex
FNDA:0,render
FNDA:0,(anonymous_10)
FNDA:0,(anonymous_11)
DA:0,8
DA:1,1
DA:2,1
DA:3,1
DA:4,1
DA:7,1
DA:9,0
DA:13,0
DA:16,0
DA:17,0
DA:18,0
DA:23,0
DA:32,0
DA:38,0
DA:44,0
DA:45,0
DA:47,0
DA:48,0
DA:49,0
DA:52,0
DA:57,0
DA:58,0
DA:59,0
DA:61,0
DA:62,0
DA:78,0
DA:79,0
DA:96,1
DA:100,1
LF:29
LH:8
BRDA:41,1,0,6
BRDA:41,1,1,2
BRDA:41,2,0,8
BRDA:41,2,1,8
BRDA:103,3,0,0
BRDA:103,3,1,0
BRDA:118,4,0,0
BRDA:118,4,1,0
BRDA:142,5,0,0
BRDA:142,5,1,0
BRDA:142,6,0,0
BRDA:142,6,1,0
BRF:12
BRH:4
end_of_record
TN:
SF:/Users/zhouxian/Desktop/web-app-zx/src/routes/Providers/routes/One/routes/Admin/routes/Products/routes/NewProduct/containers/ServiceCreating.js
FN:59,_interopRequireDefault
FN:62,mapStateToProps
FN:67,mapDispatchToProps
FN:70,(anonymous_4)
FN:79,(anonymous_5)
FN:82,ServiceCreating
FN:87,(anonymous_7)
FN:94,(anonymous_8)
FN:100,(anonymous_9)
FN:124,_onDrop
FN:131,componentDidMount
FN:136,render
FN:298,(anonymous_13)
FNF:13
FNH:5
FNDA:11,_interopRequireDefault
FNDA:0,mapStateToProps
FNDA:0,mapDispatchToProps
FNDA:0,(anonymous_4)
FNDA:1,(anonymous_5)
FNDA:0,ServiceCreating
FNDA:0,(anonymous_7)
FNDA:0,(anonymous_8)
FNDA:0,(anonymous_9)
FNDA:0,_onDrop
FNDA:0,componentDidMount
FNDA:0,render
FNDA:0,(anonymous_13)
DA:0,11
DA:1,1
DA:2,1
DA:3,1
DA:4,1
DA:5,1
DA:7,1
DA:8,1
DA:10,1
DA:11,1
DA:13,1
DA:15,1
DA:18,1
DA:19,0
DA:23,1
DA:24,0
DA:26,0
DA:28,0
DA:34,1
DA:36,0
DA:46,0
DA:47,0
DA:48,0
DA:49,0
DA:52,0
DA:57,0
DA:58,0
DA:63,0
DA:64,0
DA:65,0
DA:68,0
DA:69,0
DA:72,0
DA:75,0
DA:76,0
DA:143,0
DA:172,1
LF:37
LH:16
BRDA:59,1,0,7
BRDA:59,1,1,4
BRDA:59,2,0,11
BRDA:59,2,1,11
BRDA:292,3,0,0
BRDA:292,3,1,0
BRF:6
BRH:4
end_of_record
TN:
SF:/Users/zhouxian/Desktop/web-app-zx/src/routes/Providers/routes/One/routes/Admin/routes/Products/routes/NewProduct/index.js
FN:7,(anonymous_1)
FN:11,getComponent
FN:14,(anonymous_3)
FNF:3
FNH:0
FNDA:0,(anonymous_1)
FNDA:0,getComponent
FNDA:0,(anonymous_3)
DA:0,1
DA:1,0
DA:7,0
DA:10,0
DA:14,0
LF:5
LH:1
BRF:0
BRH:0
end_of_record
TN:
SF:/Users/zhouxian/Desktop/web-app-zx/src/routes/Providers/routes/One/routes/Admin/routes/Products/routes/ProductList/index.js
FN:7,(anonymous_1)
FN:11,getComponent
FN:14,(anonymous_3)
FNF:3
FNH:0
FNDA:0,(anonymous_1)
FNDA:0,getComponent
FNDA:0,(anonymous_3)
DA:0,1
DA:1,0
DA:7,0
DA:10,0
DA:12,0
LF:5
LH:1
BRF:0
BRH:0
end_of_record
TN:
SF:/Users/zhouxian/Desktop/web-app-zx/src/routes/Providers/routes/One/routes/Admin/routes/ProviderInformation/containers/ProviderInfoContainer.js
FN:45,_interopRequireDefault
FN:49,PersonInfo
FN:156,ProviderCompanyInfo
FN:291,mapStateToProps
FN:299,mapDispatchToProps
FN:302,(anonymous_6)
FN:311,(anonymous_7)
FN:314,ProviderInfoContainer
FN:325,componentDidMount
FN:333,render
FNF:10
FNH:4
FNDA:7,_interopRequireDefault
FNDA:0,PersonInfo
FNDA:0,ProviderCompanyInfo
FNDA:0,mapStateToProps
FNDA:0,mapDispatchToProps
FNDA:0,(anonymous_6)
FNDA:1,(anonymous_7)
FNDA:0,ProviderInfoContainer
FNDA:0,componentDidMount
FNDA:0,render
DA:0,7
DA:1,1
DA:2,1
DA:3,1
DA:4,1
DA:5,1
DA:7,1
DA:8,1
DA:11,1
DA:14,1
DA:53,1
DA:96,1
DA:97,0
DA:104,1
DA:105,0
DA:107,0
DA:109,0
DA:115,1
DA:117,0
DA:120,0
DA:122,0
DA:123,0
DA:126,0
DA:127,0
DA:168,1
DA:175,1
LF:26
LH:16
BRDA:45,1,0,5
BRDA:45,1,1,2
BRDA:45,2,0,7
BRDA:45,2,1,7
BRDA:328,3,0,0
BRDA:328,3,1,0
BRF:6
BRH:4
end_of_record
TN:
SF:/Users/zhouxian/Desktop/web-app-zx/src/routes/Providers/routes/One/routes/Admin/routes/ProviderInformation/index.js
FN:7,(anonymous_1)
FN:10,getComponent
FN:11,(anonymous_3)
FNF:3
FNH:0
FNDA:0,(anonymous_1)
FNDA:0,getComponent
FNDA:0,(anonymous_3)
DA:0,1
DA:2,0
DA:5,0
DA:6,0
DA:8,0
LF:5
LH:1
BRF:0
BRH:0
end_of_record
TN:
SF:/Users/zhouxian/Desktop/web-app-zx/src/routes/Providers/routes/One/routes/My/containers/MyContainer.js
FN:35,_interopRequireDefault
FN:37,mapStateToProps
FN:41,mapDispatchToProps
FN:48,(anonymous_4)
FN:51,MyContainer
FN:62,componentDidMount
FN:69,render
FNF:7
FNH:4
FNDA:6,_interopRequireDefault
FNDA:0,mapStateToProps
FNDA:0,mapDispatchToProps
FNDA:1,(anonymous_4)
FNDA:0,MyContainer
FNDA:0,componentDidMount
FNDA:0,render
DA:0,6
DA:1,1
DA:2,1
DA:3,1
DA:5,1
DA:6,0
DA:10,1
DA:11,0
DA:18,1
DA:20,0
DA:29,0
DA:37,1
LF:12
LH:8
BRDA:35,1,0,5
BRDA:35,1,1,1
BRDA:35,2,0,6
BRDA:35,2,1,6
BRF:4
BRH:4
end_of_record
TN:
SF:/Users/zhouxian/Desktop/web-app-zx/src/routes/Providers/routes/One/routes/My/routes/ProviderChat/containers/ProvideChatContainer.js
FN:43,_interopRequireDefault
FN:48,mapStateToProps
FN:53,mapDispatchToProps
FN:56,(anonymous_4)
FN:65,(anonymous_5)
FN:68,ProvideChatContainer
FN:79,render
FNF:7
FNH:3
FNDA:7,_interopRequireDefault
FNDA:0,mapStateToProps
FNDA:0,mapDispatchToProps
FNDA:0,(anonymous_4)
FNDA:1,(anonymous_5)
FNDA:0,ProvideChatContainer
FNDA:0,render
DA:0,7
DA:1,1
DA:2,1
DA:3,1
DA:4,1
DA:5,1
DA:7,1
DA:10,1
DA:12,1
DA:13,0
DA:17,1
DA:18,0
DA:20,0
DA:22,0
DA:28,1
DA:30,0
DA:35,0
DA:92,1
DA:95,1
LF:19
LH:13
BRDA:43,1,0,5
BRDA:43,1,1,2
BRDA:43,2,0,7
BRDA:43,2,1,7
BRF:4
BRH:4
end_of_record
TN:
SF:/Users/zhouxian/Desktop/web-app-zx/src/routes/Providers/routes/One/routes/My/routes/ProviderChat/index.js
FN:7,(anonymous_1)
FN:10,getComponent
FN:11,(anonymous_3)
FNF:3
FNH:0
FNDA:0,(anonymous_1)
FNDA:0,getComponent
FNDA:0,(anonymous_3)
DA:0,1
DA:2,0
DA:5,0
DA:6,0
DA:8,0
LF:5
LH:1
BRF:0
BRH:0
end_of_record
TN:
SF:/Users/zhouxian/Desktop/web-app-zx/src/routes/Providers/routes/One/routes/My/routes/ProviderStatus/containers/ProviderStatusContainer.js
FN:39,_interopRequireDefault
FN:43,mapStateToProps
FN:48,mapDispatchToProps
FN:51,(anonymous_4)
FN:60,(anonymous_5)
FN:63,ProviderStatusContainer
FN:74,componentDidMount
FN:87,render
FNF:8
FNH:4
FNDA:6,_interopRequireDefault
FNDA:0,mapStateToProps
FNDA:0,mapDispatchToProps
FNDA:0,(anonymous_4)
FNDA:1,(anonymous_5)
FNDA:0,ProviderStatusContainer
FNDA:0,componentDidMount
FNDA:0,render
DA:0,6
DA:1,1
DA:2,1
DA:3,1
DA:4,1
DA:5,1
DA:7,1
DA:10,1
DA:11,0
DA:15,1
DA:16,0
DA:18,0
DA:20,0
DA:26,1
DA:28,0
DA:32,0
DA:33,0
DA:34,0
DA:35,0
DA:36,0
DA:37,0
DA:38,0
DA:40,0
DA:44,0
DA:127,1
DA:132,1
LF:26
LH:12
BRDA:39,1,0,5
BRDA:39,1,1,1
BRDA:39,2,0,6
BRDA:39,2,1,6
BRF:4
BRH:4
end_of_record
TN:
SF:/Users/zhouxian/Desktop/web-app-zx/src/routes/Providers/routes/One/routes/My/routes/ProviderStatus/index.js
FN:7,(anonymous_1)
FN:10,getComponent
FN:11,(anonymous_3)
FNF:3
FNH:0
FNDA:0,(anonymous_1)
FNDA:0,getComponent
FNDA:0,(anonymous_3)
DA:0,1
DA:2,0
DA:5,0
DA:6,0
DA:8,0
LF:5
LH:1
BRF:0
BRH:0
end_of_record
TN:
SF:/Users/zhouxian/Desktop/web-app-zx/src/routes/RegionSelection/components/AccordingToTheAlphabet/AccordingToTheAlphabet.js
FN:43,_interopRequireDefault
FN:45,(anonymous_2)
FN:48,AccordingToTheAlphabet
FN:55,render
FNF:4
FNH:4
FNDA:9,_interopRequireDefault
FNDA:1,(anonymous_2)
FNDA:0,AccordingToTheAlphabet
FNDA:0,render
DA:0,9
DA:1,1
DA:2,1
DA:3,1
DA:4,1
DA:8,0
DA:52,1
LF:7
LH:6
BRDA:43,1,0,6
BRDA:43,1,1,3
BRDA:43,2,0,9
BRDA:43,2,1,9
BRF:4
BRH:4
end_of_record
TN:
SF:/Users/zhouxian/Desktop/web-app-zx/src/routes/RegionSelection/components/AccordingToTheAlphabet/index.js
FN:11,_interopRequireDefault
FNF:1
FNH:1
FNDA:1,_interopRequireDefault
DA:0,1
DA:1,1
LF:2
LH:2
BRDA:11,1,0,1
BRDA:11,1,1,0
BRDA:11,2,0,1
BRDA:11,2,1,1
BRF:4
BRH:4
end_of_record
TN:
SF:/Users/zhouxian/Desktop/web-app-zx/src/routes/RegionSelection/components/AlphabetArea/AlphabetArea.js
FN:43,_interopRequireDefault
FN:45,(anonymous_2)
FN:48,AlphabetArea
FN:55,render
FN:62,(anonymous_5)
FN:85,(anonymous_6)
FNF:6
FNH:4
FNDA:9,_interopRequireDefault
FNDA:1,(anonymous_2)
FNDA:0,AlphabetArea
FNDA:0,render
FNDA:0,(anonymous_5)
FNDA:0,(anonymous_6)
DA:0,9
DA:1,1
DA:2,1
DA:3,1
DA:4,1
DA:7,0
DA:11,0
DA:19,0
DA:37,1
LF:9
LH:6
BRDA:43,1,0,6
BRDA:43,1,1,3
BRDA:43,2,0,9
BRDA:43,2,1,9
BRF:4
BRH:4
end_of_record
TN:
SF:/Users/zhouxian/Desktop/web-app-zx/src/routes/RegionSelection/components/AlphabetArea/index.js
FN:11,_interopRequireDefault
FNF:1
FNH:1
FNDA:1,_interopRequireDefault
DA:0,1
DA:1,1
LF:2
LH:2
BRDA:11,1,0,1
BRDA:11,1,1,0
BRDA:11,2,0,1
BRDA:11,2,1,1
BRF:4
BRH:4
end_of_record
TN:
SF:/Users/zhouxian/Desktop/web-app-zx/src/routes/RegionSelection/components/HotCities/HotCities.js
FN:43,_interopRequireDefault
FN:45,(anonymous_2)
FN:48,HotCities
FN:55,render
FN:81,(anonymous_5)
FNF:5
FNH:4
FNDA:9,_interopRequireDefault
FNDA:1,(anonymous_2)
FNDA:0,HotCities
FNDA:0,render
FNDA:0,(anonymous_5)
DA:0,9
DA:1,1
DA:2,1
DA:3,1
DA:4,1
DA:8,0
DA:17,0
DA:28,1
LF:8
LH:6
BRDA:43,1,0,5
BRDA:43,1,1,4
BRDA:43,2,0,9
BRDA:43,2,1,9
BRF:4
BRH:4
end_of_record
TN:
SF:/Users/zhouxian/Desktop/web-app-zx/src/routes/RegionSelection/components/HotCities/index.js
FN:11,_interopRequireDefault
FNF:1
FNH:1
FNDA:1,_interopRequireDefault
DA:0,1
DA:1,1
LF:2
LH:2
BRDA:11,1,0,1
BRDA:11,1,1,0
BRDA:11,2,0,1
BRDA:11,2,1,1
BRF:4
BRH:4
end_of_record
TN:
SF:/Users/zhouxian/Desktop/web-app-zx/src/routes/RegionSelection/components/ProvinceAndCitySelection/ProvinceAndCitySelection.js
FN:43,_interopRequireDefault
FN:48,(anonymous_2)
FN:51,ProvinceAndCitySelection
FN:66,_bind
FN:73,(anonymous_5)
FN:79,render
FN:103,(anonymous_7)
FN:118,(anonymous_8)
FN:119,(anonymous_9)
FN:169,componentDidUpdate
FN:172,_onChangeOption
FN:180,_onSelectOption
FN:183,_onChange
FNF:13
FNH:8
FNDA:9,_interopRequireDefault
FNDA:1,(anonymous_2)
FNDA:0,ProvinceAndCitySelection
FNDA:0,_bind
FNDA:0,(anonymous_5)
FNDA:0,render
FNDA:0,(anonymous_7)
FNDA:0,(anonymous_8)
FNDA:0,(anonymous_9)
FNDA:0,componentDidUpdate
FNDA:0,_onChangeOption
FNDA:0,_onSelectOption
FNDA:0,_onChange
DA:0,9
DA:1,1
DA:2,1
DA:3,1
DA:4,1
DA:6,1
DA:7,1
DA:9,1
DA:11,0
DA:14,0
DA:15,0
DA:17,0
DA:18,0
DA:19,0
DA:22,0
DA:23,0
DA:32,0
DA:41,0
DA:42,0
DA:71,0
DA:72,0
DA:73,0
DA:74,0
DA:81,1
LF:24
LH:9
BRDA:43,1,0,5
BRDA:43,1,1,4
BRDA:43,2,0,9
BRDA:43,2,1,9
BRF:4
BRH:4
end_of_record
TN:
SF:/Users/zhouxian/Desktop/web-app-zx/src/routes/RegionSelection/components/ProvinceAndCitySelection/index.js
FN:11,_interopRequireDefault
FNF:1
FNH:1
FNDA:1,_interopRequireDefault
DA:0,1
DA:1,1
LF:2
LH:2
BRDA:11,1,0,1
BRDA:11,1,1,0
BRDA:11,2,0,1
BRDA:11,2,1,1
BRF:4
BRH:4
end_of_record
TN:
SF:/Users/zhouxian/Desktop/web-app-zx/src/routes/RegionSelection/containers/RegionSelection.js
FN:67,_interopRequireDefault
FN:72,mapStateToProps
FN:79,mapDispatchToProps
FN:82,(anonymous_4)
FN:91,(anonymous_5)
FN:94,RegionSelection
FN:106,_bind
FN:113,(anonymous_8)
FN:119,render
FN:159,_onSearch
FN:162,_onChange
FN:165,componentDidMount
FNF:12
FNH:7
FNDA:13,_interopRequireDefault
FNDA:0,mapStateToProps
FNDA:0,mapDispatchToProps
FNDA:0,(anonymous_4)
FNDA:1,(anonymous_5)
FNDA:0,RegionSelection
FNDA:0,_bind
FNDA:0,(anonymous_8)
FNDA:0,render
FNDA:0,_onSearch
FNDA:0,_onChange
FNDA:0,componentDidMount
DA:0,13
DA:1,1
DA:2,1
DA:3,1
DA:4,1
DA:5,1
DA:6,1
DA:7,1
DA:9,1
DA:10,1
DA:11,1
DA:12,1
DA:13,1
DA:15,1
DA:18,1
DA:19,0
DA:25,1
DA:26,0
DA:27,0
DA:33,1
DA:35,0
DA:37,0
DA:39,0
DA:40,0
DA:41,0
DA:45,0
DA:72,0
DA:73,0
DA:74,0
DA:78,1
LF:30
LH:18
BRDA:67,1,0,8
BRDA:67,1,1,5
BRDA:67,2,0,13
BRDA:67,2,1,13
BRF:4
BRH:4
end_of_record
TN:
SF:/Users/zhouxian/Desktop/web-app-zx/src/routes/RegionSelection/modules/regionSelection.js
FN:45,_interopRequireDefault
FN:64,getSelectionRequest
FN:67,getSelectionSuccess
FN:73,getSelectionFailure
FN:79,getSelection
FN:80,(anonymous_6)
FN:82,(anonymous_7)
FN:84,(anonymous_8)
FN:90,getHotCityListRequest
FN:93,getHotCityListSuccess
FN:99,getHotCityListFailure
FN:105,getHotCityList
FN:106,(anonymous_13)
FN:108,(anonymous_14)
FN:110,(anonymous_15)
FN:116,getCityByAlphaRequest
FN:119,getCityByAlphaSuccess
FN:125,getCityByAlphaFailure
FN:131,getCityByAlpha
FN:132,(anonymous_20)
FN:134,(anonymous_21)
FN:136,(anonymous_22)
FN:142,getProvincesAndCitiesRequuest
FN:145,getProvincesAndCitiesSuccess
FN:151,getProvincesAndCitiesFailure
FN:157,getProvincesAndCities
FN:158,(anonymous_27)
FN:160,(anonymous_28)
FN:162,(anonymous_29)
FN:185,SelectionReducer
FNF:30
FNH:1
FNDA:5,_interopRequireDefault
FNDA:0,getSelectionRequest
FNDA:0,getSelectionSuccess
FNDA:0,getSelectionFailure
FNDA:0,getSelection
FNDA:0,(anonymous_6)
FNDA:0,(anonymous_7)
FNDA:0,(anonymous_8)
FNDA:0,getHotCityListRequest
FNDA:0,getHotCityListSuccess
FNDA:0,getHotCityListFailure
FNDA:0,getHotCityList
FNDA:0,(anonymous_13)
FNDA:0,(anonymous_14)
FNDA:0,(anonymous_15)
FNDA:0,getCityByAlphaRequest
FNDA:0,getCityByAlphaSuccess
FNDA:0,getCityByAlphaFailure
FNDA:0,getCityByAlpha
FNDA:0,(anonymous_20)
FNDA:0,(anonymous_21)
FNDA:0,(anonymous_22)
FNDA:0,getProvincesAndCitiesRequuest
FNDA:0,getProvincesAndCitiesSuccess
FNDA:0,getProvincesAndCitiesFailure
FNDA:0,getProvincesAndCities
FNDA:0,(anonymous_27)
FNDA:0,(anonymous_28)
FNDA:0,(anonymous_29)
FNDA:0,SelectionReducer
DA:0,5
DA:1,1
DA:2,1
DA:3,1
DA:4,1
DA:5,1
DA:6,1
DA:8,1
DA:9,1
DA:10,1
DA:12,1
DA:13,1
DA:14,1
DA:16,1
DA:17,1
DA:18,1
DA:20,1
DA:21,1
DA:22,1
DA:24,1
DA:25,0
DA:27,1
DA:28,0
DA:33,1
DA:34,0
DA:39,1
DA:40,0
DA:41,0
DA:42,0
DA:44,0
DA:46,0
DA:51,1
DA:52,0
DA:54,1
DA:55,0
DA:60,1
DA:61,0
DA:66,1
DA:67,0
DA:68,0
DA:69,0
DA:71,0
DA:73,0
DA:78,1
DA:79,0
DA:81,1
DA:82,0
DA:87,1
DA:88,0
DA:93,1
DA:94,0
DA:95,0
DA:96,0
DA:98,0
DA:100,0
DA:105,1
DA:106,0
DA:108,1
DA:109,0
DA:114,1
DA:115,0
DA:120,1
DA:121,0
DA:122,0
DA:123,0
DA:125,0
DA:127,0
DA:132,1
DA:138,1
DA:148,1
DA:149,1
DA:150,0
DA:151,0
DA:153,0
DA:155,0
DA:156,0
DA:158,0
DA:160,0
DA:162,0
DA:163,0
DA:165,0
DA:167,0
DA:169,0
DA:170,0
DA:172,0
DA:174,0
DA:176,0
DA:177,0
DA:179,0
DA:181,0
LF:90
LH:39
BRDA:45,1,0,4
BRDA:45,1,1,1
BRDA:45,2,0,5
BRDA:45,2,1,5
BRDA:186,3,0,0
BRDA:186,3,1,0
BRDA:186,4,0,0
BRDA:186,4,1,0
BRDA:189,5,0,0
BRDA:189,5,1,0
BRDA:190,6,0,0
BRDA:190,6,1,0
BRDA:190,6,2,0
BRDA:190,6,3,0
BRDA:190,6,4,0
BRDA:190,6,5,0
BRDA:190,6,6,0
BRDA:190,6,7,0
BRDA:190,6,8,0
BRDA:190,6,9,0
BRDA:190,6,10,0
BRDA:190,6,11,0
BRF:22
BRH:4
end_of_record
TN:
SF:/Users/zhouxian/Desktop/web-app-zx/src/routes/RegionSelection/modules/RegionSelectionData.js
FNF:0
FNH:0
DA:0,1
LF:1
LH:1
BRF:0
BRH:0
end_of_record
TN:
SF:/Users/zhouxian/Desktop/web-app-zx/src/routes/RegionSelection/modules/HotCityData.js
FNF:0
FNH:0
DA:0,1
LF:1
LH:1
BRF:0
BRH:0
end_of_record
TN:
SF:/Users/zhouxian/Desktop/web-app-zx/src/routes/RegionSelection/modules/ProvinceAndCitySelectData.js
FNF:0
FNH:0
DA:0,1
LF:1
LH:1
BRF:0
BRH:0
end_of_record
TN:
SF:/Users/zhouxian/Desktop/web-app-zx/src/routes/RegionSelection/index.js
FN:9,(anonymous_1)
FN:12,getComponent
FN:13,(anonymous_3)
FNF:3
FNH:0
FNDA:0,(anonymous_1)
FNDA:0,getComponent
FNDA:0,(anonymous_3)
DA:0,1
DA:1,1
DA:2,0
DA:5,0
DA:6,0
DA:7,0
DA:8,0
DA:9,0
LF:8
LH:2
BRF:0
BRH:0
end_of_record
TN:
SF:/Users/zhouxian/Desktop/web-app-zx/src/routes/index.js
FN:68,_interopRequireDefault
FN:70,createRoutes
FNF:2
FNH:1
FNDA:15,_interopRequireDefault
FNDA:0,createRoutes
DA:0,15
DA:2,1
DA:3,1
DA:4,1
DA:5,1
DA:6,1
DA:7,1
DA:8,1
DA:9,1
DA:10,1
DA:11,1
DA:13,1
DA:14,1
DA:15,1
DA:16,1
DA:17,1
DA:19,1
LF:17
LH:17
BRDA:68,1,0,15
BRDA:68,1,1,0
BRDA:68,2,0,15
BRDA:68,2,1,15
BRF:4
BRH:4
end_of_record
TN:
SF:/Users/zhouxian/Desktop/web-app-zx/src/store/createStore.js
FN:19,_interopRequireDefault
FN:21,(anonymous_2)
FN:48,(anonymous_3)
FNF:3
FNH:1
FNDA:2,_interopRequireDefault
FNDA:0,(anonymous_2)
FNDA:0,(anonymous_3)
DA:0,2
DA:1,1
DA:2,1
DA:3,1
DA:4,1
DA:6,0
DA:10,0
DA:15,0
DA:16,0
DA:17,0
DA:18,0
DA:19,0
DA:26,0
DA:34,0
DA:36,0
DA:37,0
DA:38,0
DA:39,0
DA:43,0
LF:19
LH:5
BRDA:19,1,0,2
BRDA:19,1,1,0
BRDA:19,2,0,2
BRDA:19,2,1,2
BRDA:22,3,0,0
BRDA:22,3,1,0
BRDA:22,4,0,0
BRDA:22,4,1,0
BRDA:34,5,0,0
BRDA:34,5,1,0
BRDA:36,6,0,0
BRDA:36,6,1,0
BRDA:47,7,0,0
BRDA:47,7,1,0
BRF:14
BRH:4
end_of_record
